TN:
SF:./src/xtag.js
FN:10,(anonymous_1)
FN:25,(anonymous_2)
FN:30,(anonymous_3)
FN:35,(anonymous_4)
FN:46,(anonymous_5)
FN:50,(anonymous_6)
FN:60,(anonymous_7)
FN:67,(anonymous_8)
FN:81,(anonymous_9)
FN:94,(anonymous_10)
FN:113,(anonymous_11)
FN:121,(anonymous_12)
FN:125,(anonymous_13)
FN:143,(anonymous_14)
FN:164,(anonymous_15)
FN:181,(anonymous_16)
FN:187,(anonymous_17)
FN:198,DOMTokenList
FN:215,setToClassName
FN:220,(anonymous_20)
FN:225,(anonymous_21)
FN:228,(anonymous_22)
FN:231,(anonymous_23)
FN:239,(anonymous_24)
FN:242,(anonymous_25)
FN:253,defineElementGetter
FN:263,(anonymous_27)
FN:281,(anonymous_28)
FN:285,(anonymous_29)
FN:290,(anonymous_30)
FN:298,(anonymous_31)
FN:303,(anonymous_32)
FN:309,(anonymous_33)
FN:330,(anonymous_34)
FN:360,(anonymous_35)
FN:364,(anonymous_36)
FN:369,(anonymous_37)
FN:385,scheduleCallback
FN:393,wrapIfNeeded
FN:399,dispatchCallbacks
FN:407,(anonymous_41)
FN:412,(anonymous_42)
FN:431,removeTransientObserversFor
FN:432,(anonymous_44)
FN:436,(anonymous_45)
FN:455,forEachAncestorAndObserverEnqueueRecord
FN:483,JsMutationObserver
FN:491,(anonymous_48)
FN:542,(anonymous_49)
FN:543,(anonymous_50)
FN:559,(anonymous_51)
FN:571,MutationRecord
FN:583,copyMutationRecord
FN:604,getRecord
FN:613,getRecordWithOldValue
FN:621,clearRecords
FN:630,recordRepresentsCurrentMutation
FN:642,selectRecord
FN:661,Registration
FN:669,(anonymous_60)
FN:691,(anonymous_61)
FN:695,(anonymous_62)
FN:710,(anonymous_63)
FN:714,(anonymous_64)
FN:734,(anonymous_65)
FN:751,(anonymous_66)
FN:755,(anonymous_67)
FN:771,(anonymous_68)
FN:794,(anonymous_69)
FN:826,(anonymous_70)
FN:867,(anonymous_71)
FN:891,(anonymous_72)
FN:903,(anonymous_73)
FN:910,(anonymous_74)
FN:914,(anonymous_75)
FN:915,(anonymous_76)
FN:943,(anonymous_77)
FN:950,forSubtree
FN:952,(anonymous_79)
FN:966,findAllElements
FN:984,forRoots
FN:997,forDocumentTree
FN:1004,_forDocumentTree
FN:1041,(anonymous_84)
FN:1055,addedNode
FN:1060,added
FN:1069,addedSubtree
FN:1070,(anonymous_88)
FN:1077,attachedNode
FN:1081,(anonymous_90)
FN:1099,deferMutation
FN:1107,takeMutations
FN:1116,attached
FN:1118,(anonymous_94)
FN:1128,_attached
FN:1149,detachedNode
FN:1151,(anonymous_97)
FN:1156,detached
FN:1158,(anonymous_99)
FN:1168,_detached
FN:1184,inDocument
FN:1196,watchShadow
FN:1224,handler
FN:1241,(anonymous_104)
FN:1243,(anonymous_105)
FN:1249,(anonymous_106)
FN:1266,takeRecords
FN:1287,observe
FN:1299,upgradeDocument
FN:1312,upgradeDocumentTree
FN:1322,(anonymous_111)
FN:1354,(anonymous_112)
FN:1373,upgrade
FN:1387,upgradeWithDefinition
FN:1410,implementPrototype
FN:1423,customMixin
FN:1445,created
FN:1478,(anonymous_118)
FN:1525,register
FN:1581,overrideAttributeApi
FN:1589,(anonymous_121)
FN:1593,(anonymous_122)
FN:1601,changeAttribute
FN:1612,isReservedTag
FN:1625,ancestry
FN:1633,resolveTagName
FN:1650,resolvePrototypeChain
FN:1683,instantiate
FN:1697,getRegisteredDefinition
FN:1703,registerDefinition
FN:1707,generateConstructor
FN:1708,(anonymous_132)
FN:1714,createElementNS
FN:1724,createElement
FN:1751,cloneNode
FN:1770,(anonymous_136)
FN:1784,(anonymous_137)
FN:1813,(anonymous_138)
FN:1825,(anonymous_139)
FN:1835,(anonymous_140)
FN:1857,(anonymous_141)
FN:1864,bootstrap
FN:1869,(anonymous_143)
FN:1880,(anonymous_144)
FN:1896,(anonymous_145)
FN:1927,(anonymous_146)
FN:1948,(anonymous_147)
FN:1967,(anonymous_148)
FN:1973,(anonymous_149)
FN:2006,whenReady
FN:2009,(anonymous_151)
FN:2017,isDocumentReady
FN:2023,whenDocumentReady
FN:2025,(anonymous_154)
FN:2038,markTargetLoaded
FN:2043,watchImportsLoad
FN:2046,checkDone
FN:2051,loadedImport
FN:2076,isImportLoaded
FN:2094,(anonymous_160)
FN:2102,handleImports
FN:2110,isImport
FN:2114,handleImport
FN:2126,(anonymous_164)
FN:2141,(anonymous_165)
FN:2167,(anonymous_166)
FN:2171,(anonymous_167)
FN:2175,(anonymous_168)
FN:2176,(anonymous_169)
FN:2197,(anonymous_170)
FN:2206,(anonymous_171)
FN:2213,(anonymous_172)
FN:2219,(anonymous_173)
FN:2220,(anonymous_174)
FN:2244,(anonymous_175)
FN:2252,(anonymous_176)
FN:2258,(anonymous_177)
FN:2264,(anonymous_178)
FN:2283,(anonymous_179)
FN:2303,(anonymous_180)
FN:2314,(anonymous_181)
FN:2324,(anonymous_182)
FN:2335,(anonymous_183)
FN:2344,(anonymous_184)
FN:2357,(anonymous_185)
FN:2378,(anonymous_186)
FN:2381,(anonymous_187)
FN:2394,(anonymous_188)
FN:2398,(anonymous_189)
FN:2405,(anonymous_190)
FN:2417,(anonymous_191)
FN:2422,(anonymous_192)
FN:2444,(anonymous_193)
FN:2449,(anonymous_194)
FN:2457,(anonymous_195)
FN:2465,(anonymous_196)
FN:2476,(anonymous_197)
FN:2496,(anonymous_198)
FN:2536,(anonymous_199)
FN:2543,(anonymous_200)
FN:2556,(anonymous_201)
FN:2571,(anonymous_202)
FN:2576,(anonymous_203)
FN:2587,(anonymous_204)
FN:2594,(anonymous_205)
FN:2625,(anonymous_206)
FN:2635,(anonymous_207)
FN:2643,(anonymous_208)
FN:2648,(anonymous_209)
FN:2656,(anonymous_210)
FN:2662,(anonymous_211)
FN:2664,(anonymous_212)
FN:2705,(anonymous_213)
FN:2712,(anonymous_214)
FN:2723,(anonymous_215)
FN:2729,(anonymous_216)
FN:2750,(anonymous_217)
FN:2755,(anonymous_218)
FN:2761,(anonymous_219)
FN:2765,(anonymous_220)
FN:2769,(anonymous_221)
FN:2778,nodeIsImport
FN:2782,generateScriptDataUrl
FN:2787,generateScriptContent
FN:2792,generateSourceMapHint
FN:2805,cloneStyle
FN:2827,(anonymous_227)
FN:2857,(anonymous_228)
FN:2862,(anonymous_229)
FN:2868,(anonymous_230)
FN:2874,(anonymous_231)
FN:2880,(anonymous_232)
FN:2909,(anonymous_233)
FN:2916,(anonymous_234)
FN:2931,isImportLink
FN:2935,isLinkRel
FN:2939,makeDocument
FN:2971,(anonymous_238)
FN:2997,(anonymous_239)
FN:3011,(anonymous_240)
FN:3030,(anonymous_241)
FN:3035,(anonymous_242)
FN:3063,(anonymous_243)
FN:3085,(anonymous_244)
FN:3106,bootstrap
FN:3124,(anonymous_246)
FN:3136,(anonymous_247)
FN:3137,(anonymous_248)
FN:3143,(anonymous_249)
FN:3156,(anonymous_250)
FN:3194,typeOf
FN:3199,clone
FN:3203,(anonymous_253)
FN:3208,(anonymous_254)
FN:3219,toArray
FN:3228,query
FN:3232,parseMutations
FN:3234,(anonymous_258)
FN:3241,(anonymous_259)
FN:3251,parsePseudo
FN:3255,mergeOne
FN:3262,wrapMixin
FN:3274,mergeMixin
FN:3289,applyMixins
FN:3290,(anonymous_265)
FN:3314,delegateAction
FN:3328,touchFilter
FN:3339,writeProperty
FN:3350,inheritEvent
FN:3360,modAttr
FN:3364,syncAttr
FN:3372,updateView
FN:3378,attachProperties
FN:3386,(anonymous_274)
FN:3393,(anonymous_275)
FN:3403,parseAccessor
FN:3420,(anonymous_277)
FN:3424,(anonymous_278)
FN:3435,parseMultiline
FN:3453,(anonymous_280)
FN:3459,(anonymous_281)
FN:3482,(anonymous_282)
FN:3495,(anonymous_283)
FN:3505,(anonymous_284)
FN:3511,(anonymous_285)
FN:3524,(anonymous_286)
FN:3541,(anonymous_287)
FN:3597,(anonymous_288)
FN:3618,(anonymous_289)
FN:3655,(anonymous_290)
FN:3658,(anonymous_291)
FN:3661,(anonymous_292)
FN:3666,(anonymous_293)
FN:3670,(anonymous_294)
FN:3683,(anonymous_295)
FN:3685,(anonymous_296)
FN:3686,(anonymous_297)
FN:3693,(anonymous_298)
FN:3705,(anonymous_299)
FN:3706,(anonymous_300)
FN:3717,(anonymous_301)
FN:3730,(anonymous_302)
FN:3738,(anonymous_303)
FN:3742,(anonymous_304)
FN:3748,(anonymous_305)
FN:3751,(anonymous_306)
FN:3752,(anonymous_307)
FN:3755,(anonymous_308)
FN:3759,(anonymous_309)
FN:3762,(anonymous_310)
FN:3763,(anonymous_311)
FN:3767,(anonymous_312)
FN:3771,(anonymous_313)
FN:3776,(anonymous_314)
FN:3780,(anonymous_315)
FN:3784,(anonymous_316)
FN:3786,(anonymous_317)
FN:3793,(anonymous_318)
FN:3795,(anonymous_319)
FN:3801,(anonymous_320)
FN:3808,(anonymous_321)
FN:3829,(anonymous_322)
FN:3846,(anonymous_323)
FN:3857,(anonymous_324)
FN:3863,(anonymous_325)
FN:3866,(anonymous_326)
FN:3870,(anonymous_327)
FN:3883,(anonymous_328)
FN:3902,(anonymous_329)
FN:3903,(anonymous_330)
FN:3910,(anonymous_331)
FN:3928,(anonymous_332)
FN:3933,(anonymous_333)
FN:3944,(anonymous_334)
FN:3958,(anonymous_335)
FN:3962,(anonymous_336)
FN:3976,(anonymous_337)
FN:3978,(anonymous_338)
FN:3981,(anonymous_339)
FN:3989,(anonymous_340)
FN:3997,(anonymous_341)
FN:4001,(anonymous_342)
FN:4007,(anonymous_343)
FN:4011,(anonymous_344)
FN:4037,(anonymous_345)
FN:4041,(anonymous_346)
FN:4051,(anonymous_347)
FN:4052,(anonymous_348)
FN:4054,(anonymous_349)
FN:4063,(anonymous_350)
FN:4080,(anonymous_351)
FN:4085,(anonymous_352)
FN:4090,(anonymous_353)
FN:4098,(anonymous_354)
FN:4106,(anonymous_355)
FN:4115,(anonymous_356)
FN:4129,addTap
FN:4147,removeTap
FN:4160,checkTapPosition
FN:4179,(anonymous_360)
FN:4210,(anonymous_361)
FNF:361
FNH:181
FNDA:1,(anonymous_1)
FNDA:0,(anonymous_2)
FNDA:1,(anonymous_3)
FNDA:1,(anonymous_4)
FNDA:0,(anonymous_5)
FNDA:1,(anonymous_6)
FNDA:1,(anonymous_7)
FNDA:1,(anonymous_8)
FNDA:1,(anonymous_9)
FNDA:0,(anonymous_10)
FNDA:1,(anonymous_11)
FNDA:1,(anonymous_12)
FNDA:0,(anonymous_13)
FNDA:115,(anonymous_14)
FNDA:0,(anonymous_15)
FNDA:1,(anonymous_16)
FNDA:1,(anonymous_17)
FNDA:0,DOMTokenList
FNDA:0,setToClassName
FNDA:0,(anonymous_20)
FNDA:0,(anonymous_21)
FNDA:0,(anonymous_22)
FNDA:0,(anonymous_23)
FNDA:0,(anonymous_24)
FNDA:0,(anonymous_25)
FNDA:0,defineElementGetter
FNDA:0,(anonymous_27)
FNDA:1,(anonymous_28)
FNDA:1,(anonymous_29)
FNDA:10,(anonymous_30)
FNDA:160,(anonymous_31)
FNDA:0,(anonymous_32)
FNDA:0,(anonymous_33)
FNDA:1,(anonymous_34)
FNDA:0,(anonymous_35)
FNDA:0,(anonymous_36)
FNDA:0,(anonymous_37)
FNDA:35,scheduleCallback
FNDA:10,wrapIfNeeded
FNDA:32,dispatchCallbacks
FNDA:18,(anonymous_41)
FNDA:33,(anonymous_42)
FNDA:33,removeTransientObserversFor
FNDA:33,(anonymous_44)
FNDA:65,(anonymous_45)
FNDA:27,forEachAncestorAndObserverEnqueueRecord
FNDA:10,JsMutationObserver
FNDA:10,(anonymous_48)
FNDA:7,(anonymous_49)
FNDA:7,(anonymous_50)
FNDA:33,(anonymous_51)
FNDA:27,MutationRecord
FNDA:0,copyMutationRecord
FNDA:27,getRecord
FNDA:0,getRecordWithOldValue
FNDA:27,clearRecords
FNDA:0,recordRepresentsCurrentMutation
FNDA:16,selectRecord
FNDA:10,Registration
FNDA:51,(anonymous_60)
FNDA:10,(anonymous_61)
FNDA:19,(anonymous_62)
FNDA:7,(anonymous_63)
FNDA:15,(anonymous_64)
FNDA:9,(anonymous_65)
FNDA:33,(anonymous_66)
FNDA:8,(anonymous_67)
FNDA:27,(anonymous_68)
FNDA:5,(anonymous_69)
FNDA:0,(anonymous_70)
FNDA:50,(anonymous_71)
FNDA:1,(anonymous_72)
FNDA:1,(anonymous_73)
FNDA:4,(anonymous_74)
FNDA:1,(anonymous_75)
FNDA:4,(anonymous_76)
FNDA:1,(anonymous_77)
FNDA:167,forSubtree
FNDA:58,(anonymous_79)
FNDA:225,findAllElements
FNDA:225,forRoots
FNDA:1,forDocumentTree
FNDA:1,_forDocumentTree
FNDA:1,(anonymous_84)
FNDA:33,addedNode
FNDA:82,added
FNDA:159,addedSubtree
FNDA:49,(anonymous_88)
FNDA:126,attachedNode
FNDA:0,(anonymous_90)
FNDA:225,deferMutation
FNDA:17,takeMutations
FNDA:208,attached
FNDA:182,(anonymous_94)
FNDA:182,_attached
FNDA:8,detachedNode
FNDA:9,(anonymous_97)
FNDA:17,detached
FNDA:17,(anonymous_99)
FNDA:17,_detached
FNDA:255,inDocument
FNDA:0,watchShadow
FNDA:16,handler
FNDA:24,(anonymous_104)
FNDA:16,(anonymous_105)
FNDA:8,(anonymous_106)
FNDA:0,takeRecords
FNDA:1,observe
FNDA:1,upgradeDocument
FNDA:1,upgradeDocumentTree
FNDA:0,(anonymous_111)
FNDA:1,(anonymous_112)
FNDA:90,upgrade
FNDA:126,upgradeWithDefinition
FNDA:126,implementPrototype
FNDA:0,customMixin
FNDA:126,created
FNDA:1,(anonymous_118)
FNDA:6,register
FNDA:6,overrideAttributeApi
FNDA:100,(anonymous_121)
FNDA:0,(anonymous_122)
FNDA:100,changeAttribute
FNDA:6,isReservedTag
FNDA:6,ancestry
FNDA:6,resolveTagName
FNDA:6,resolvePrototypeChain
FNDA:122,instantiate
FNDA:205,getRegisteredDefinition
FNDA:6,registerDefinition
FNDA:6,generateConstructor
FNDA:122,(anonymous_132)
FNDA:1,createElementNS
FNDA:132,createElement
FNDA:4,cloneNode
FNDA:0,(anonymous_136)
FNDA:0,(anonymous_137)
FNDA:1,(anonymous_138)
FNDA:0,(anonymous_139)
FNDA:0,(anonymous_140)
FNDA:258,(anonymous_141)
FNDA:1,bootstrap
FNDA:0,(anonymous_143)
FNDA:1,(anonymous_144)
FNDA:0,(anonymous_145)
FNDA:1,(anonymous_146)
FNDA:1,(anonymous_147)
FNDA:1,(anonymous_148)
FNDA:0,(anonymous_149)
FNDA:1,whenReady
FNDA:1,(anonymous_151)
FNDA:2,isDocumentReady
FNDA:2,whenDocumentReady
FNDA:1,(anonymous_154)
FNDA:0,markTargetLoaded
FNDA:1,watchImportsLoad
FNDA:1,checkDone
FNDA:0,loadedImport
FNDA:0,isImportLoaded
FNDA:0,(anonymous_160)
FNDA:0,handleImports
FNDA:0,isImport
FNDA:0,handleImport
FNDA:0,(anonymous_164)
FNDA:1,(anonymous_165)
FNDA:1,(anonymous_166)
FNDA:7,(anonymous_167)
FNDA:1,(anonymous_168)
FNDA:7,(anonymous_169)
FNDA:1,(anonymous_170)
FNDA:0,(anonymous_171)
FNDA:0,(anonymous_172)
FNDA:0,(anonymous_173)
FNDA:0,(anonymous_174)
FNDA:1,(anonymous_175)
FNDA:0,(anonymous_176)
FNDA:0,(anonymous_177)
FNDA:0,(anonymous_178)
FNDA:0,(anonymous_179)
FNDA:1,(anonymous_180)
FNDA:1,(anonymous_181)
FNDA:1,(anonymous_182)
FNDA:0,(anonymous_183)
FNDA:0,(anonymous_184)
FNDA:0,(anonymous_185)
FNDA:0,(anonymous_186)
FNDA:0,(anonymous_187)
FNDA:0,(anonymous_188)
FNDA:0,(anonymous_189)
FNDA:0,(anonymous_190)
FNDA:0,(anonymous_191)
FNDA:1,(anonymous_192)
FNDA:1,(anonymous_193)
FNDA:1,(anonymous_194)
FNDA:16,(anonymous_195)
FNDA:20,(anonymous_196)
FNDA:1,(anonymous_197)
FNDA:1,(anonymous_198)
FNDA:2,(anonymous_199)
FNDA:0,(anonymous_200)
FNDA:0,(anonymous_201)
FNDA:0,(anonymous_202)
FNDA:0,(anonymous_203)
FNDA:0,(anonymous_204)
FNDA:0,(anonymous_205)
FNDA:0,(anonymous_206)
FNDA:0,(anonymous_207)
FNDA:0,(anonymous_208)
FNDA:0,(anonymous_209)
FNDA:0,(anonymous_210)
FNDA:0,(anonymous_211)
FNDA:0,(anonymous_212)
FNDA:0,(anonymous_213)
FNDA:0,(anonymous_214)
FNDA:2,(anonymous_215)
FNDA:2,(anonymous_216)
FNDA:2,(anonymous_217)
FNDA:22,(anonymous_218)
FNDA:20,(anonymous_219)
FNDA:0,(anonymous_220)
FNDA:0,(anonymous_221)
FNDA:0,nodeIsImport
FNDA:0,generateScriptDataUrl
FNDA:0,generateScriptContent
FNDA:0,generateSourceMapHint
FNDA:0,cloneStyle
FNDA:1,(anonymous_227)
FNDA:0,(anonymous_228)
FNDA:1,(anonymous_229)
FNDA:1,(anonymous_230)
FNDA:21,(anonymous_231)
FNDA:0,(anonymous_232)
FNDA:1,(anonymous_233)
FNDA:1,(anonymous_234)
FNDA:0,isImportLink
FNDA:0,isLinkRel
FNDA:0,makeDocument
FNDA:0,(anonymous_238)
FNDA:1,(anonymous_239)
FNDA:20,(anonymous_240)
FNDA:20,(anonymous_241)
FNDA:20,(anonymous_242)
FNDA:1,(anonymous_243)
FNDA:0,(anonymous_244)
FNDA:1,bootstrap
FNDA:1,(anonymous_246)
FNDA:0,(anonymous_247)
FNDA:0,(anonymous_248)
FNDA:0,(anonymous_249)
FNDA:1,(anonymous_250)
FNDA:301,typeOf
FNDA:168,clone
FNDA:72,(anonymous_253)
FNDA:12,(anonymous_254)
FNDA:7,toArray
FNDA:0,query
FNDA:0,parseMutations
FNDA:0,(anonymous_258)
FNDA:0,(anonymous_259)
FNDA:0,parsePseudo
FNDA:132,mergeOne
FNDA:0,wrapMixin
FNDA:0,mergeMixin
FNDA:6,applyMixins
FNDA:0,(anonymous_265)
FNDA:0,delegateAction
FNDA:0,touchFilter
FNDA:0,writeProperty
FNDA:0,inheritEvent
FNDA:100,modAttr
FNDA:0,syncAttr
FNDA:7,updateView
FNDA:42,attachProperties
FNDA:0,(anonymous_274)
FNDA:7,(anonymous_275)
FNDA:30,parseAccessor
FNDA:0,(anonymous_277)
FNDA:0,(anonymous_278)
FNDA:0,parseMultiline
FNDA:22,(anonymous_280)
FNDA:6,(anonymous_281)
FNDA:126,(anonymous_282)
FNDA:0,(anonymous_283)
FNDA:8,(anonymous_284)
FNDA:7,(anonymous_285)
FNDA:100,(anonymous_286)
FNDA:0,(anonymous_287)
FNDA:0,(anonymous_288)
FNDA:0,(anonymous_289)
FNDA:0,(anonymous_290)
FNDA:0,(anonymous_291)
FNDA:0,(anonymous_292)
FNDA:0,(anonymous_293)
FNDA:0,(anonymous_294)
FNDA:0,(anonymous_295)
FNDA:0,(anonymous_296)
FNDA:0,(anonymous_297)
FNDA:0,(anonymous_298)
FNDA:0,(anonymous_299)
FNDA:0,(anonymous_300)
FNDA:24,(anonymous_301)
FNDA:0,(anonymous_302)
FNDA:0,(anonymous_303)
FNDA:0,(anonymous_304)
FNDA:1,(anonymous_305)
FNDA:0,(anonymous_306)
FNDA:0,(anonymous_307)
FNDA:1,(anonymous_308)
FNDA:0,(anonymous_309)
FNDA:0,(anonymous_310)
FNDA:0,(anonymous_311)
FNDA:0,(anonymous_312)
FNDA:0,(anonymous_313)
FNDA:0,(anonymous_314)
FNDA:0,(anonymous_315)
FNDA:0,(anonymous_316)
FNDA:0,(anonymous_317)
FNDA:0,(anonymous_318)
FNDA:0,(anonymous_319)
FNDA:0,(anonymous_320)
FNDA:0,(anonymous_321)
FNDA:0,(anonymous_322)
FNDA:0,(anonymous_323)
FNDA:78,(anonymous_324)
FNDA:0,(anonymous_325)
FNDA:0,(anonymous_326)
FNDA:0,(anonymous_327)
FNDA:0,(anonymous_328)
FNDA:0,(anonymous_329)
FNDA:0,(anonymous_330)
FNDA:0,(anonymous_331)
FNDA:0,(anonymous_332)
FNDA:0,(anonymous_333)
FNDA:0,(anonymous_334)
FNDA:0,(anonymous_335)
FNDA:0,(anonymous_336)
FNDA:0,(anonymous_337)
FNDA:0,(anonymous_338)
FNDA:0,(anonymous_339)
FNDA:126,(anonymous_340)
FNDA:0,(anonymous_341)
FNDA:0,(anonymous_342)
FNDA:0,(anonymous_343)
FNDA:1,(anonymous_344)
FNDA:0,(anonymous_345)
FNDA:0,(anonymous_346)
FNDA:0,(anonymous_347)
FNDA:0,(anonymous_348)
FNDA:0,(anonymous_349)
FNDA:0,(anonymous_350)
FNDA:0,(anonymous_351)
FNDA:0,(anonymous_352)
FNDA:0,(anonymous_353)
FNDA:0,(anonymous_354)
FNDA:0,(anonymous_355)
FNDA:0,(anonymous_356)
FNDA:0,addTap
FNDA:0,removeTap
FNDA:0,checkTapPosition
FNDA:0,(anonymous_360)
FNDA:1,(anonymous_361)
DA:3,1
DA:4,1
DA:10,1
DA:11,1
DA:12,1
DA:15,1
DA:16,1
DA:18,1
DA:19,0
DA:22,1
DA:25,1
DA:26,0
DA:31,1
DA:35,1
DA:37,1
DA:38,1
DA:40,1
DA:47,0
DA:51,1
DA:60,1
DA:63,1
DA:64,0
DA:67,1
DA:70,1
DA:71,1
DA:72,1
DA:74,1
DA:75,1
DA:80,1
DA:81,1
DA:82,1
DA:84,1
DA:85,1
DA:86,1
DA:88,1
DA:90,1
DA:94,0
DA:95,0
DA:97,0
DA:98,0
DA:99,0
DA:101,0
DA:102,0
DA:104,0
DA:108,1
DA:110,1
DA:114,1
DA:121,1
DA:124,1
DA:125,1
DA:126,0
DA:129,1
DA:130,1
DA:131,1
DA:132,1
DA:133,1
DA:134,1
DA:136,1
DA:137,0
DA:140,1
DA:142,1
DA:143,1
DA:144,115
DA:145,115
DA:146,115
DA:147,115
DA:148,115
DA:149,115
DA:159,115
DA:163,1
DA:164,1
DA:165,0
DA:166,0
DA:167,0
DA:168,0
DA:178,0
DA:182,1
DA:187,1
DA:189,1
DA:191,0
DA:198,1
DA:199,0
DA:200,0
DA:201,0
DA:203,0
DA:207,0
DA:209,0
DA:210,0
DA:215,1
DA:216,0
DA:219,0
DA:221,0
DA:222,0
DA:223,0
DA:226,0
DA:229,0
DA:232,0
DA:233,0
DA:234,0
DA:236,0
DA:237,0
DA:240,0
DA:243,0
DA:244,0
DA:246,0
DA:251,0
DA:253,1
DA:254,0
DA:255,0
DA:259,0
DA:263,0
DA:264,0
DA:280,1
DA:281,1
DA:282,1
DA:283,1
DA:285,1
DA:286,1
DA:289,1
DA:291,10
DA:292,10
DA:293,0
DA:295,10
DA:296,10
DA:299,160
DA:300,160
DA:304,0
DA:305,0
DA:306,0
DA:307,0
DA:310,0
DA:311,0
DA:312,0
DA:316,1
DA:330,1
DA:332,1
DA:334,1
DA:342,1
DA:348,0
DA:352,1
DA:353,1
DA:358,0
DA:359,0
DA:360,0
DA:361,0
DA:362,0
DA:363,0
DA:364,0
DA:365,0
DA:369,0
DA:370,0
DA:371,0
DA:376,1
DA:379,1
DA:385,1
DA:386,35
DA:387,35
DA:388,17
DA:389,17
DA:393,1
DA:394,10
DA:399,1
DA:402,32
DA:404,32
DA:405,32
DA:407,32
DA:408,18
DA:411,32
DA:412,32
DA:415,33
DA:417,33
DA:420,33
DA:421,33
DA:422,33
DA:427,32
DA:428,16
DA:431,1
DA:432,33
DA:433,33
DA:434,33
DA:435,0
DA:436,33
DA:437,65
DA:438,33
DA:455,1
DA:456,27
DA:457,93
DA:459,93
DA:460,29
DA:461,56
DA:462,56
DA:465,56
DA:466,1
DA:468,55
DA:469,55
DA:470,51
DA:476,1
DA:483,1
DA:484,10
DA:485,10
DA:486,10
DA:487,10
DA:490,1
DA:492,10
DA:495,10
DA:507,0
DA:510,10
DA:511,10
DA:512,9
DA:518,10
DA:519,10
DA:520,1
DA:521,0
DA:522,0
DA:523,0
DA:524,0
DA:533,10
DA:534,10
DA:535,10
DA:536,10
DA:539,10
DA:543,7
DA:544,7
DA:545,7
DA:546,7
DA:547,7
DA:548,7
DA:549,7
DA:552,7
DA:556,7
DA:560,33
DA:561,33
DA:562,33
DA:571,1
DA:572,27
DA:573,27
DA:574,27
DA:575,27
DA:576,27
DA:577,27
DA:578,27
DA:579,27
DA:580,27
DA:583,1
DA:584,0
DA:585,0
DA:586,0
DA:587,0
DA:588,0
DA:589,0
DA:590,0
DA:591,0
DA:592,0
DA:596,1
DA:604,1
DA:605,27
DA:613,1
DA:614,0
DA:615,0
DA:616,0
DA:617,0
DA:618,0
DA:621,1
DA:622,27
DA:630,1
DA:631,0
DA:642,1
DA:643,16
DA:644,0
DA:648,16
DA:649,0
DA:651,16
DA:661,1
DA:662,10
DA:663,10
DA:664,10
DA:665,10
DA:668,1
DA:670,51
DA:671,51
DA:677,51
DA:678,16
DA:679,16
DA:680,16
DA:681,0
DA:682,0
DA:685,35
DA:688,51
DA:692,10
DA:696,19
DA:697,19
DA:698,8
DA:700,19
DA:701,8
DA:703,19
DA:704,19
DA:706,19
DA:707,19
DA:711,7
DA:715,15
DA:716,15
DA:717,7
DA:719,15
DA:720,7
DA:722,15
DA:723,15
DA:725,15
DA:726,15
DA:737,9
DA:738,0
DA:740,9
DA:741,9
DA:742,9
DA:743,9
DA:744,1
DA:748,9
DA:752,33
DA:753,33
DA:755,33
DA:757,8
DA:759,8
DA:760,8
DA:761,15
DA:762,8
DA:765,8
DA:775,27
DA:777,27
DA:781,2
DA:782,2
DA:783,2
DA:786,2
DA:787,2
DA:788,2
DA:791,2
DA:794,2
DA:796,5
DA:797,4
DA:800,1
DA:803,0
DA:806,1
DA:807,0
DA:810,1
DA:813,2
DA:817,0
DA:820,0
DA:823,0
DA:826,0
DA:828,0
DA:829,0
DA:832,0
DA:833,0
DA:836,0
DA:839,0
DA:842,9
DA:846,25
DA:847,25
DA:848,25
DA:849,25
DA:850,16
DA:851,16
DA:854,9
DA:855,9
DA:857,25
DA:858,25
DA:861,25
DA:862,25
DA:863,25
DA:864,25
DA:865,25
DA:867,25
DA:869,50
DA:870,0
DA:873,50
DA:878,27
DA:882,1
DA:884,1
DA:885,1
DA:891,1
DA:901,1
DA:903,1
DA:906,1
DA:909,1
DA:910,1
DA:911,4
DA:914,1
DA:915,1
DA:916,4
DA:921,1
DA:922,1
DA:923,1
DA:927,1
DA:943,1
DA:946,1
DA:950,1
DA:952,167
DA:953,58
DA:954,0
DA:956,58
DA:958,167
DA:966,1
DA:967,225
DA:968,225
DA:969,197
DA:970,197
DA:971,10
DA:974,225
DA:975,58
DA:976,58
DA:978,58
DA:980,225
DA:984,1
DA:985,225
DA:986,225
DA:987,0
DA:988,0
DA:996,1
DA:997,1
DA:998,1
DA:999,1
DA:1000,1
DA:1004,1
DA:1005,1
DA:1006,1
DA:1007,0
DA:1009,1
DA:1010,1
DA:1011,1
DA:1012,0
DA:1013,0
DA:1016,1
DA:1020,1
DA:1021,1
DA:1041,1
DA:1044,1
DA:1045,1
DA:1046,1
DA:1055,1
DA:1056,33
DA:1060,1
DA:1061,82
DA:1062,0
DA:1064,82
DA:1069,1
DA:1070,159
DA:1071,49
DA:1072,0
DA:1077,1
DA:1078,126
DA:1080,126
DA:1081,0
DA:1082,0
DA:1093,1
DA:1095,1
DA:1097,1
DA:1098,1
DA:1099,1
DA:1100,225
DA:1101,225
DA:1102,17
DA:1103,17
DA:1107,1
DA:1108,17
DA:1109,17
DA:1110,17
DA:1111,199
DA:1113,17
DA:1116,1
DA:1117,208
DA:1118,208
DA:1119,182
DA:1122,0
DA:1128,1
DA:1130,182
DA:1134,132
DA:1135,8
DA:1136,8
DA:1137,8
DA:1149,1
DA:1150,8
DA:1151,8
DA:1152,9
DA:1156,1
DA:1157,17
DA:1158,17
DA:1159,17
DA:1162,0
DA:1168,1
DA:1170,17
DA:1174,7
DA:1175,7
DA:1176,7
DA:1177,7
DA:1184,1
DA:1185,255
DA:1186,255
DA:1187,255
DA:1188,279
DA:1189,8
DA:1191,271
DA:1196,1
DA:1197,0
DA:1198,0
DA:1200,0
DA:1201,0
DA:1202,0
DA:1203,0
DA:1224,1
DA:1226,16
DA:1227,0
DA:1228,0
DA:1229,0
DA:1230,0
DA:1231,0
DA:1232,0
DA:1234,0
DA:1235,0
DA:1238,0
DA:1241,16
DA:1242,24
DA:1243,24
DA:1244,16
DA:1245,0
DA:1247,16
DA:1249,24
DA:1250,8
DA:1251,0
DA:1253,8
DA:1257,16
DA:1266,1
DA:1267,0
DA:1269,0
DA:1270,0
DA:1273,0
DA:1274,0
DA:1276,0
DA:1277,0
DA:1278,0
DA:1279,0
DA:1283,1
DA:1287,1
DA:1288,1
DA:1289,0
DA:1293,1
DA:1294,1
DA:1295,1
DA:1299,1
DA:1300,1
DA:1301,1
DA:1302,1
DA:1303,1
DA:1304,1
DA:1312,1
DA:1313,1
DA:1319,1
DA:1320,1
DA:1322,0
DA:1323,0
DA:1324,0
DA:1325,0
DA:1330,1
DA:1331,1
DA:1332,1
DA:1333,1
DA:1334,1
DA:1335,1
DA:1354,1
DA:1357,1
DA:1373,1
DA:1374,90
DA:1375,61
DA:1376,61
DA:1377,61
DA:1378,4
DA:1379,0
DA:1380,4
DA:1381,4
DA:1387,1
DA:1388,126
DA:1390,126
DA:1391,0
DA:1394,126
DA:1396,126
DA:1398,126
DA:1400,126
DA:1402,126
DA:1403,126
DA:1405,126
DA:1410,1
DA:1412,126
DA:1413,126
DA:1418,0
DA:1419,0
DA:1423,1
DA:1427,0
DA:1429,0
DA:1432,0
DA:1433,0
DA:1434,0
DA:1435,0
DA:1436,0
DA:1438,0
DA:1441,0
DA:1445,1
DA:1447,126
DA:1448,126
DA:1452,1
DA:1453,1
DA:1454,1
DA:1478,1
DA:1481,1
DA:1482,1
DA:1483,1
DA:1484,1
DA:1485,1
DA:1525,1
DA:1529,6
DA:1530,6
DA:1531,0
DA:1533,6
DA:1534,0
DA:1537,6
DA:1538,0
DA:1541,6
DA:1542,0
DA:1545,6
DA:1546,0
DA:1549,6
DA:1551,6
DA:1555,6
DA:1558,6
DA:1561,6
DA:1563,6
DA:1565,6
DA:1568,6
DA:1569,6
DA:1571,6
DA:1573,6
DA:1575,0
DA:1577,6
DA:1581,1
DA:1585,6
DA:1586,0
DA:1588,6
DA:1589,6
DA:1590,100
DA:1592,6
DA:1593,6
DA:1594,0
DA:1596,6
DA:1601,1
DA:1602,100
DA:1603,100
DA:1604,100
DA:1605,100
DA:1606,100
DA:1608,100
DA:1612,1
DA:1613,6
DA:1614,48
DA:1615,0
DA:1620,1
DA:1625,1
DA:1626,6
DA:1627,6
DA:1628,0
DA:1630,6
DA:1633,1
DA:1636,6
DA:1639,6
DA:1640,0
DA:1643,6
DA:1644,6
DA:1646,0
DA:1650,1
DA:1653,6
DA:1655,0
DA:1657,0
DA:1658,0
DA:1659,0
DA:1661,0
DA:1662,0
DA:1670,0
DA:1671,0
DA:1672,0
DA:1673,0
DA:1674,0
DA:1677,0
DA:1683,1
DA:1690,122
DA:1695,1
DA:1697,1
DA:1698,205
DA:1699,199
DA:1703,1
DA:1704,6
DA:1707,1
DA:1708,6
DA:1709,122
DA:1713,1
DA:1714,1
DA:1717,1
DA:1718,1
DA:1720,0
DA:1724,1
DA:1727,132
DA:1728,132
DA:1729,122
DA:1730,122
DA:1733,0
DA:1734,0
DA:1737,10
DA:1738,10
DA:1739,0
DA:1740,0
DA:1741,0
DA:1743,10
DA:1745,10
DA:1746,0
DA:1748,10
DA:1751,1
DA:1753,4
DA:1755,4
DA:1757,4
DA:1761,1
DA:1762,1
DA:1764,1
DA:1768,1
DA:1769,1
DA:1770,0
DA:1771,0
DA:1772,0
DA:1776,0
DA:1777,0
DA:1779,0
DA:1781,0
DA:1784,1
DA:1785,0
DA:1790,1
DA:1791,1
DA:1792,1
DA:1793,1
DA:1794,1
DA:1795,1
DA:1796,1
DA:1797,1
DA:1800,1
DA:1813,1
DA:1816,1
DA:1817,1
DA:1819,1
DA:1823,1
DA:1825,0
DA:1828,0
DA:1829,0
DA:1830,0
DA:1831,0
DA:1832,0
DA:1833,0
DA:1835,0
DA:1836,0
DA:1844,1
DA:1848,1
DA:1852,1
DA:1853,1
DA:1854,0
DA:1855,0
DA:1857,1
DA:1858,258
DA:1864,1
DA:1866,1
DA:1868,1
DA:1869,1
DA:1870,0
DA:1876,1
DA:1880,1
DA:1882,1
DA:1883,1
DA:1884,1
DA:1887,1
DA:1895,1
DA:1896,0
DA:1897,0
DA:1898,0
DA:1899,0
DA:1900,0
DA:1902,0
DA:1908,1
DA:1909,0
DA:1912,1
DA:1914,0
DA:1918,1
DA:1920,1
DA:1927,1
DA:1946,1
DA:1948,1
DA:1954,1
DA:1955,1
DA:1966,1
DA:1967,1
DA:1968,1
DA:1970,1
DA:1972,1
DA:1974,0
DA:1980,0
DA:1985,1
DA:1986,1
DA:2000,1
DA:2006,1
DA:2007,1
DA:2009,1
DA:2010,1
DA:2015,1
DA:2016,1
DA:2017,1
DA:2018,2
DA:2023,1
DA:2024,2
DA:2025,1
DA:2026,1
DA:2028,1
DA:2029,1
DA:2032,1
DA:2033,1
DA:2034,1
DA:2038,1
DA:2039,0
DA:2043,1
DA:2044,1
DA:2045,1
DA:2046,1
DA:2047,1
DA:2048,1
DA:2051,1
DA:2052,0
DA:2053,0
DA:2054,0
DA:2056,1
DA:2057,0
DA:2058,0
DA:2059,0
DA:2061,0
DA:2062,0
DA:2066,1
DA:2076,1
DA:2077,0
DA:2093,1
DA:2094,0
DA:2095,0
DA:2096,0
DA:2097,0
DA:2102,1
DA:2103,0
DA:2104,0
DA:2105,0
DA:2110,1
DA:2111,0
DA:2114,1
DA:2115,0
DA:2116,0
DA:2117,0
DA:2119,0
DA:2120,0
DA:2126,0
DA:2127,0
DA:2128,0
DA:2129,0
DA:2130,0
DA:2141,1
DA:2142,1
DA:2143,1
DA:2144,1
DA:2145,1
DA:2146,1
DA:2150,1
DA:2151,1
DA:2152,1
DA:2153,1
DA:2154,1
DA:2167,1
DA:2170,1
DA:2171,1
DA:2172,7
DA:2175,1
DA:2176,1
DA:2177,7
DA:2182,1
DA:2183,1
DA:2197,1
DA:2199,1
DA:2200,1
DA:2204,1
DA:2207,0
DA:2208,0
DA:2209,0
DA:2210,0
DA:2214,0
DA:2215,0
DA:2216,0
DA:2220,0
DA:2221,0
DA:2222,0
DA:2223,0
DA:2224,0
DA:2231,1
DA:2244,1
DA:2249,1
DA:2253,0
DA:2259,0
DA:2260,0
DA:2261,0
DA:2263,0
DA:2264,0
DA:2265,0
DA:2268,0
DA:2269,0
DA:2270,0
DA:2271,0
DA:2275,0
DA:2279,0
DA:2280,0
DA:2284,0
DA:2290,1
DA:2303,1
DA:2306,1
DA:2307,1
DA:2314,1
DA:2315,1
DA:2316,1
DA:2317,1
DA:2318,1
DA:2319,1
DA:2322,1
DA:2326,1
DA:2328,1
DA:2329,0
DA:2332,1
DA:2337,0
DA:2339,0
DA:2341,0
DA:2345,0
DA:2349,0
DA:2351,0
DA:2353,0
DA:2358,0
DA:2360,0
DA:2362,0
DA:2364,0
DA:2365,0
DA:2366,0
DA:2368,0
DA:2370,0
DA:2373,0
DA:2375,0
DA:2379,0
DA:2380,0
DA:2381,0
DA:2382,0
DA:2384,0
DA:2386,0
DA:2387,0
DA:2388,0
DA:2389,0
DA:2390,0
DA:2392,0
DA:2394,0
DA:2395,0
DA:2398,0
DA:2399,0
DA:2401,0
DA:2406,0
DA:2407,0
DA:2408,0
DA:2411,0
DA:2412,0
DA:2414,0
DA:2418,0
DA:2419,0
DA:2423,1
DA:2424,1
DA:2431,1
DA:2444,1
DA:2449,1
DA:2450,1
DA:2451,1
DA:2454,1
DA:2458,16
DA:2459,24
DA:2460,16
DA:2466,20
DA:2467,20
DA:2469,20
DA:2470,20
DA:2471,4
DA:2477,1
DA:2483,1
DA:2496,1
DA:2499,1
DA:2500,1
DA:2501,1
DA:2502,1
DA:2503,1
DA:2504,1
DA:2513,1
DA:2537,2
DA:2538,2
DA:2539,0
DA:2544,0
DA:2545,0
DA:2546,0
DA:2548,0
DA:2549,0
DA:2550,0
DA:2551,0
DA:2557,0
DA:2558,0
DA:2559,0
DA:2572,0
DA:2573,0
DA:2577,0
DA:2578,0
DA:2579,0
DA:2580,0
DA:2581,0
DA:2583,0
DA:2584,0
DA:2588,0
DA:2589,0
DA:2590,0
DA:2598,0
DA:2599,0
DA:2601,0
DA:2602,0
DA:2604,0
DA:2606,0
DA:2607,0
DA:2609,0
DA:2613,0
DA:2614,0
DA:2615,0
DA:2616,0
DA:2617,0
DA:2618,0
DA:2622,0
DA:2626,0
DA:2627,0
DA:2630,0
DA:2631,0
DA:2637,0
DA:2638,0
DA:2639,0
DA:2640,0
DA:2644,0
DA:2645,0
DA:2649,0
DA:2650,0
DA:2651,0
DA:2653,0
DA:2657,0
DA:2658,0
DA:2663,0
DA:2664,0
DA:2665,0
DA:2666,0
DA:2668,0
DA:2669,0
DA:2671,0
DA:2672,0
DA:2676,0
DA:2677,0
DA:2679,0
DA:2680,0
DA:2682,0
DA:2683,0
DA:2684,0
DA:2685,0
DA:2687,0
DA:2688,0
DA:2690,0
DA:2695,0
DA:2696,0
DA:2706,0
DA:2707,0
DA:2708,0
DA:2711,0
DA:2712,0
DA:2713,0
DA:2714,0
DA:2716,0
DA:2724,2
DA:2725,2
DA:2732,2
DA:2733,2
DA:2734,2
DA:2735,2
DA:2736,0
DA:2737,0
DA:2738,0
DA:2740,0
DA:2746,2
DA:2751,2
DA:2756,22
DA:2757,22
DA:2762,20
DA:2766,0
DA:2770,0
DA:2771,0
DA:2773,0
DA:2778,1
DA:2779,0
DA:2782,1
DA:2783,0
DA:2784,0
DA:2787,1
DA:2788,0
DA:2792,1
DA:2793,0
DA:2794,0
DA:2795,0
DA:2796,0
DA:2797,0
DA:2798,0
DA:2805,1
DA:2806,0
DA:2807,0
DA:2808,0
DA:2809,0
DA:2813,1
DA:2814,1
DA:2827,1
DA:2830,1
DA:2831,1
DA:2832,1
DA:2833,1
DA:2834,1
DA:2835,1
DA:2836,1
DA:2845,1
DA:2858,0
DA:2863,1
DA:2865,1
DA:2870,1
DA:2875,21
DA:2876,21
DA:2881,0
DA:2885,0
DA:2886,0
DA:2887,0
DA:2888,0
DA:2890,0
DA:2892,0
DA:2893,0
DA:2894,0
DA:2897,0
DA:2900,0
DA:2904,0
DA:2906,0
DA:2910,1
DA:2912,1
DA:2913,1
DA:2917,1
DA:2923,1
DA:2929,1
DA:2931,1
DA:2932,0
DA:2935,1
DA:2936,0
DA:2939,1
DA:2941,0
DA:2943,0
DA:2945,0
DA:2946,0
DA:2948,0
DA:2950,0
DA:2953,0
DA:2954,0
DA:2956,0
DA:2957,0
DA:2959,0
DA:2962,0
DA:2963,0
DA:2965,0
DA:2969,1
DA:2970,0
DA:2972,0
DA:2973,0
DA:2978,0
DA:2979,0
DA:2983,1
DA:2984,1
DA:2997,1
DA:3000,1
DA:3001,1
DA:3009,1
DA:3012,20
DA:3013,20
DA:3014,20
DA:3015,20
DA:3016,20
DA:3020,20
DA:3021,20
DA:3022,0
DA:3024,20
DA:3025,0
DA:3031,20
DA:3036,20
DA:3043,1
DA:3046,1
DA:3063,1
DA:3066,1
DA:3067,1
DA:3078,1
DA:3079,0
DA:3084,1
DA:3085,0
DA:3086,0
DA:3087,0
DA:3088,0
DA:3089,0
DA:3091,0
DA:3098,1
DA:3101,1
DA:3106,1
DA:3107,1
DA:3113,1
DA:3115,0
DA:3117,1
DA:3124,1
DA:3128,1
DA:3137,0
DA:3144,0
DA:3157,1
DA:3163,1
DA:3173,1
DA:3174,1
DA:3175,1
DA:3176,1
DA:3177,1
DA:3179,0
DA:3191,1
DA:3194,1
DA:3195,301
DA:3196,301
DA:3199,1
DA:3200,168
DA:3201,168
DA:3203,1
DA:3204,72
DA:3205,72
DA:3206,72
DA:3208,1
DA:3209,12
DA:3210,12
DA:3211,12
DA:3218,1
DA:3219,1
DA:3220,7
DA:3227,1
DA:3228,1
DA:3229,0
DA:3232,1
DA:3233,0
DA:3234,0
DA:3235,0
DA:3236,0
DA:3237,0
DA:3239,0
DA:3240,0
DA:3241,0
DA:3242,0
DA:3251,1
DA:3255,1
DA:3256,132
DA:3257,132
DA:3258,114
DA:3259,132
DA:3262,1
DA:3263,0
DA:3264,0
DA:3265,0
DA:3267,0
DA:3268,0
DA:3269,0
DA:3273,1
DA:3274,1
DA:3275,0
DA:3276,0
DA:3277,0
DA:3278,0
DA:3279,0
DA:3283,0
DA:3284,0
DA:3289,1
DA:3290,6
DA:3291,0
DA:3292,0
DA:3293,0
DA:3295,0
DA:3297,0
DA:3299,0
DA:3300,0
DA:3301,0
DA:3303,0
DA:3304,0
DA:3309,6
DA:3314,1
DA:3315,0
DA:3316,0
DA:3317,0
DA:3318,0
DA:3319,0
DA:3320,0
DA:3321,0
DA:3322,0
DA:3325,0
DA:3328,1
DA:3329,0
DA:3330,0
DA:3332,0
DA:3333,0
DA:3334,0
DA:3336,0
DA:3339,1
DA:3340,0
DA:3341,0
DA:3348,1
DA:3349,37
DA:3350,1
DA:3351,0
DA:3352,0
DA:3353,0
DA:3355,0
DA:3360,1
DA:3361,100
DA:3364,1
DA:3365,0
DA:3366,0
DA:3368,0
DA:3372,1
DA:3373,7
DA:3374,0
DA:3378,1
DA:3379,42
DA:3380,42
DA:3381,30
DA:3382,30
DA:3384,12
DA:3385,12
DA:3386,12
DA:3387,0
DA:3388,0
DA:3389,0
DA:3390,0
DA:3391,0
DA:3392,0
DA:3394,7
DA:3395,7
DA:3398,12
DA:3400,0
DA:3403,1
DA:3404,30
DA:3405,30
DA:3409,30
DA:3410,0
DA:3411,0
DA:3412,0
DA:3415,42
DA:3417,30
DA:3418,0
DA:3419,0
DA:3420,0
DA:3421,0
DA:3424,0
DA:3425,0
DA:3426,0
DA:3427,0
DA:3428,0
DA:3429,0
DA:3434,1
DA:3435,1
DA:3436,0
DA:3441,1
DA:3454,22
DA:3460,6
DA:3461,6
DA:3462,6
DA:3464,0
DA:3466,6
DA:3468,6
DA:3469,6
DA:3470,6
DA:3472,6
DA:3473,24
DA:3474,12
DA:3475,30
DA:3477,6
DA:3478,6
DA:3479,6
DA:3480,6
DA:3483,126
DA:3484,126
DA:3485,126
DA:3486,126
DA:3487,126
DA:3488,126
DA:3489,0
DA:3491,0
DA:3492,0
DA:3495,126
DA:3496,0
DA:3498,126
DA:3502,6
DA:3504,6
DA:3505,6
DA:3506,8
DA:3507,8
DA:3510,6
DA:3511,6
DA:3512,7
DA:3513,7
DA:3514,7
DA:3515,7
DA:3516,7
DA:3519,6
DA:3521,6
DA:3525,100
DA:3526,100
DA:3527,100
DA:3528,0
DA:3530,100
DA:3531,100
DA:3532,0
DA:3533,0
DA:3538,6
DA:3542,0
DA:3543,0
DA:3544,0
DA:3545,0
DA:3546,0
DA:3547,0
DA:3552,6
DA:3558,6
DA:3561,6
DA:3562,0
DA:3564,6
DA:3565,6
DA:3598,0
DA:3599,0
DA:3619,0
DA:3620,0
DA:3622,0
DA:3623,0
DA:3624,0
DA:3626,0
DA:3627,0
DA:3628,0
DA:3632,0
DA:3634,0
DA:3636,0
DA:3637,0
DA:3638,0
DA:3639,0
DA:3640,0
DA:3641,0
DA:3642,0
DA:3656,0
DA:3657,0
DA:3658,0
DA:3659,0
DA:3661,0
DA:3662,0
DA:3664,0
DA:3666,0
DA:3667,0
DA:3669,0
DA:3670,0
DA:3671,0
DA:3673,0
DA:3684,0
DA:3685,0
DA:3686,0
DA:3687,0
DA:3694,0
DA:3706,0
DA:3707,0
DA:3709,0
DA:3710,0
DA:3718,24
DA:3719,24
DA:3720,30
DA:3721,132
DA:3723,24
DA:3731,0
DA:3739,0
DA:3740,0
DA:3741,0
DA:3742,0
DA:3743,0
DA:3744,0
DA:3749,1
DA:3751,0
DA:3752,1
DA:3756,1
DA:3759,1
DA:3763,0
DA:3764,0
DA:3768,0
DA:3772,0
DA:3773,0
DA:3777,0
DA:3781,0
DA:3785,0
DA:3786,0
DA:3787,0
DA:3789,0
DA:3790,0
DA:3794,0
DA:3795,0
DA:3796,0
DA:3798,0
DA:3802,0
DA:3809,0
DA:3813,0
DA:3814,0
DA:3815,0
DA:3817,0
DA:3818,0
DA:3819,0
DA:3820,0
DA:3821,0
DA:3823,0
DA:3830,0
DA:3831,0
DA:3832,0
DA:3836,0
DA:3837,0
DA:3839,0
DA:3847,0
DA:3851,0
DA:3852,0
DA:3858,78
DA:3860,78
DA:3861,0
DA:3863,0
DA:3864,0
DA:3865,0
DA:3867,0
DA:3869,0
DA:3870,0
DA:3871,0
DA:3873,0
DA:3874,0
DA:3875,0
DA:3876,0
DA:3877,0
DA:3878,0
DA:3879,0
DA:3880,0
DA:3881,0
DA:3882,0
DA:3883,0
DA:3884,0
DA:3885,0
DA:3886,0
DA:3887,0
DA:3888,0
DA:3890,0
DA:3891,0
DA:3892,0
DA:3896,78
DA:3897,0
DA:3899,78
DA:3903,0
DA:3904,0
DA:3911,0
DA:3925,0
DA:3926,0
DA:3927,0
DA:3928,0
DA:3929,0
DA:3930,0
DA:3932,0
DA:3933,0
DA:3934,0
DA:3935,0
DA:3936,0
DA:3937,0
DA:3938,0
DA:3939,0
DA:3940,0
DA:3941,0
DA:3944,0
DA:3945,0
DA:3947,0
DA:3950,0
DA:3951,0
DA:3956,0
DA:3958,0
DA:3959,0
DA:3961,0
DA:3962,0
DA:3963,0
DA:3964,0
DA:3965,0
DA:3970,0
DA:3971,0
DA:3973,0
DA:3977,0
DA:3978,0
DA:3979,0
DA:3981,0
DA:3982,0
DA:3984,0
DA:3985,0
DA:3986,0
DA:3990,126
DA:3991,126
DA:3992,0
DA:3994,126
DA:3998,0
DA:3999,0
DA:4000,0
DA:4001,0
DA:4002,0
DA:4004,0
DA:4008,0
DA:4012,1
DA:4014,1
DA:4015,1
DA:4016,1
DA:4018,1
DA:4019,1
DA:4020,1
DA:4023,0
DA:4024,0
DA:4025,0
DA:4028,1
DA:4030,1
DA:4038,0
DA:4039,0
DA:4040,0
DA:4041,0
DA:4042,0
DA:4044,0
DA:4051,0
DA:4052,0
DA:4053,0
DA:4054,0
DA:4055,0
DA:4060,0
DA:4064,0
DA:4065,0
DA:4066,0
DA:4069,0
DA:4077,1
DA:4080,1
DA:4081,0
DA:4082,0
DA:4085,1
DA:4086,0
DA:4087,0
DA:4090,1
DA:4091,0
DA:4092,0
DA:4095,1
DA:4099,0
DA:4107,0
DA:4116,0
DA:4121,1
DA:4122,3
DA:4123,3
DA:4129,1
DA:4130,0
DA:4131,0
DA:4132,0
DA:4134,0
DA:4135,0
DA:4136,0
DA:4137,0
DA:4138,0
DA:4141,0
DA:4142,0
DA:4143,0
DA:4147,1
DA:4148,0
DA:4149,0
DA:4151,0
DA:4152,0
DA:4153,0
DA:4154,0
DA:4156,0
DA:4160,1
DA:4161,0
DA:4163,0
DA:4168,0
DA:4171,1
DA:4180,0
DA:4181,0
DA:4183,0
DA:4184,0
DA:4185,0
DA:4187,0
DA:4188,0
DA:4191,0
DA:4192,0
DA:4195,0
DA:4196,0
DA:4197,0
DA:4199,0
DA:4201,0
DA:4202,0
DA:4207,1
DA:4208,1
DA:4210,1
DA:4211,1
LF:1714
LH:917
BRDA:11,1,0,1
BRDA:11,1,1,0
BRDA:15,2,0,1
BRDA:15,2,1,0
BRDA:18,3,0,0
BRDA:18,3,1,1
BRDA:18,4,0,1
BRDA:18,4,1,0
BRDA:31,5,0,1
BRDA:31,5,1,0
BRDA:40,6,0,1
BRDA:40,6,1,1
BRDA:40,6,2,1
BRDA:40,6,3,0
BRDA:40,6,4,0
BRDA:40,6,5,0
BRDA:40,6,6,0
BRDA:47,7,0,0
BRDA:47,7,1,0
BRDA:51,8,0,1
BRDA:51,8,1,0
BRDA:63,9,0,0
BRDA:63,9,1,1
BRDA:80,10,0,1
BRDA:80,10,1,0
BRDA:82,11,0,1
BRDA:82,11,1,0
BRDA:95,12,0,0
BRDA:95,12,1,0
BRDA:114,13,0,1
BRDA:114,13,1,0
BRDA:136,14,0,0
BRDA:136,14,1,1
BRDA:147,15,0,115
BRDA:147,15,1,0
BRDA:154,16,0,115
BRDA:154,16,1,115
BRDA:155,17,0,115
BRDA:155,17,1,23
BRDA:157,18,0,114
BRDA:157,18,1,1
BRDA:182,19,0,1
BRDA:182,19,1,0
BRDA:189,20,0,1
BRDA:189,20,1,0
BRDA:189,21,0,1
BRDA:189,21,1,1
BRDA:200,22,0,0
BRDA:200,22,1,0
BRDA:203,23,0,0
BRDA:203,23,1,0
BRDA:221,24,0,0
BRDA:221,24,1,0
BRDA:229,25,0,0
BRDA:229,25,1,0
BRDA:233,26,0,0
BRDA:233,26,1,0
BRDA:243,27,0,0
BRDA:243,27,1,0
BRDA:254,28,0,0
BRDA:254,28,1,0
BRDA:280,29,0,1
BRDA:280,29,1,0
BRDA:292,30,0,0
BRDA:292,30,1,10
BRDA:292,31,0,10
BRDA:292,31,1,0
BRDA:300,32,0,86
BRDA:300,32,1,74
BRDA:300,33,0,160
BRDA:300,33,1,86
BRDA:305,34,0,0
BRDA:305,34,1,0
BRDA:305,35,0,0
BRDA:305,35,1,0
BRDA:311,36,0,0
BRDA:311,36,1,0
BRDA:342,37,0,0
BRDA:342,37,1,1
BRDA:352,38,0,1
BRDA:352,38,1,0
BRDA:361,39,0,0
BRDA:361,39,1,0
BRDA:387,40,0,17
BRDA:387,40,1,18
BRDA:394,41,0,10
BRDA:394,41,1,0
BRDA:394,41,2,10
BRDA:420,42,0,33
BRDA:420,42,1,0
BRDA:427,43,0,16
BRDA:427,43,1,16
BRDA:434,44,0,0
BRDA:434,44,1,33
BRDA:437,45,0,33
BRDA:437,45,1,32
BRDA:459,46,0,29
BRDA:459,46,1,64
BRDA:465,47,0,1
BRDA:465,47,1,55
BRDA:465,48,0,56
BRDA:465,48,1,55
BRDA:469,49,0,51
BRDA:469,49,1,4
BRDA:495,50,0,0
BRDA:495,50,1,10
BRDA:495,51,0,10
BRDA:495,51,1,0
BRDA:495,51,2,0
BRDA:495,51,3,10
BRDA:495,51,4,0
BRDA:495,51,5,10
BRDA:495,51,6,8
BRDA:495,51,7,8
BRDA:495,51,8,10
BRDA:495,51,9,0
BRDA:511,52,0,9
BRDA:511,52,1,1
BRDA:520,53,0,0
BRDA:520,53,1,1
BRDA:533,54,0,10
BRDA:533,54,1,0
BRDA:547,55,0,7
BRDA:547,55,1,0
BRDA:614,56,0,0
BRDA:614,56,1,0
BRDA:631,57,0,0
BRDA:631,57,1,0
BRDA:643,58,0,0
BRDA:643,58,1,16
BRDA:648,59,0,0
BRDA:648,59,1,16
BRDA:648,60,0,16
BRDA:648,60,1,0
BRDA:677,61,0,16
BRDA:677,61,1,35
BRDA:680,62,0,0
BRDA:680,62,1,16
BRDA:697,63,0,8
BRDA:697,63,1,11
BRDA:700,64,0,8
BRDA:700,64,1,11
BRDA:703,65,0,19
BRDA:703,65,1,0
BRDA:706,66,0,19
BRDA:706,66,1,0
BRDA:706,67,0,19
BRDA:706,67,1,0
BRDA:716,68,0,7
BRDA:716,68,1,8
BRDA:719,69,0,7
BRDA:719,69,1,8
BRDA:722,70,0,15
BRDA:722,70,1,0
BRDA:725,71,0,15
BRDA:725,71,1,0
BRDA:725,72,0,15
BRDA:725,72,1,0
BRDA:737,73,0,0
BRDA:737,73,1,9
BRDA:743,74,0,1
BRDA:743,74,1,8
BRDA:761,75,0,8
BRDA:761,75,1,7
BRDA:777,76,0,2
BRDA:777,76,1,0
BRDA:777,76,2,9
BRDA:777,76,3,25
BRDA:792,77,0,1
BRDA:792,77,1,1
BRDA:796,78,0,4
BRDA:796,78,1,1
BRDA:800,79,0,0
BRDA:800,79,1,1
BRDA:800,80,0,1
BRDA:800,80,1,1
BRDA:800,80,2,1
BRDA:800,80,3,0
BRDA:806,81,0,0
BRDA:806,81,1,1
BRDA:828,82,0,0
BRDA:828,82,1,0
BRDA:832,83,0,0
BRDA:832,83,1,0
BRDA:849,84,0,16
BRDA:849,84,1,9
BRDA:869,85,0,0
BRDA:869,85,1,50
BRDA:884,86,0,1
BRDA:884,86,1,0
BRDA:901,87,0,1
BRDA:901,87,1,1
BRDA:927,88,0,1
BRDA:927,88,1,1
BRDA:927,88,2,0
BRDA:927,88,3,0
BRDA:927,88,4,0
BRDA:946,89,0,0
BRDA:946,89,1,1
BRDA:953,90,0,0
BRDA:953,90,1,58
BRDA:968,91,0,197
BRDA:968,91,1,28
BRDA:970,92,0,207
BRDA:970,92,1,11
BRDA:975,93,0,58
BRDA:975,93,1,0
BRDA:1006,94,0,0
BRDA:1006,94,1,1
BRDA:1011,95,0,1
BRDA:1011,95,1,0
BRDA:1012,96,0,0
BRDA:1012,96,1,0
BRDA:1056,97,0,33
BRDA:1056,97,1,33
BRDA:1061,98,0,0
BRDA:1061,98,1,82
BRDA:1071,99,0,0
BRDA:1071,99,1,49
BRDA:1080,100,0,0
BRDA:1080,100,1,126
BRDA:1093,101,0,1
BRDA:1093,101,1,1
BRDA:1101,102,0,17
BRDA:1101,102,1,208
BRDA:1110,103,0,216
BRDA:1110,103,1,199
BRDA:1117,104,0,208
BRDA:1117,104,1,0
BRDA:1130,105,0,132
BRDA:1130,105,1,50
BRDA:1130,106,0,182
BRDA:1130,106,1,132
BRDA:1130,106,2,0
BRDA:1134,107,0,8
BRDA:1134,107,1,124
BRDA:1134,108,0,132
BRDA:1134,108,1,122
BRDA:1136,109,0,8
BRDA:1136,109,1,0
BRDA:1157,110,0,17
BRDA:1157,110,1,0
BRDA:1170,111,0,7
BRDA:1170,111,1,10
BRDA:1170,112,0,17
BRDA:1170,112,1,7
BRDA:1170,112,2,0
BRDA:1174,113,0,7
BRDA:1174,113,1,0
BRDA:1174,114,0,7
BRDA:1174,114,1,7
BRDA:1176,115,0,7
BRDA:1176,115,1,0
BRDA:1188,116,0,8
BRDA:1188,116,1,271
BRDA:1191,117,0,271
BRDA:1191,117,1,247
BRDA:1197,118,0,0
BRDA:1197,118,1,0
BRDA:1197,119,0,0
BRDA:1197,119,1,0
BRDA:1198,120,0,0
BRDA:1198,120,1,0
BRDA:1226,121,0,0
BRDA:1226,121,1,16
BRDA:1228,122,0,0
BRDA:1228,122,1,0
BRDA:1228,123,0,0
BRDA:1228,123,1,0
BRDA:1228,123,2,0
BRDA:1229,124,0,0
BRDA:1229,124,1,0
BRDA:1231,125,0,0
BRDA:1231,125,1,0
BRDA:1231,125,2,0
BRDA:1234,126,0,0
BRDA:1234,126,1,0
BRDA:1234,126,2,0
BRDA:1234,126,3,0
BRDA:1234,126,4,0
BRDA:1234,126,5,0
BRDA:1238,127,0,0
BRDA:1238,127,1,0
BRDA:1242,128,0,24
BRDA:1242,128,1,0
BRDA:1244,129,0,0
BRDA:1244,129,1,16
BRDA:1250,130,0,0
BRDA:1250,130,1,8
BRDA:1257,131,0,16
BRDA:1257,131,1,0
BRDA:1269,132,0,0
BRDA:1269,132,1,0
BRDA:1277,133,0,0
BRDA:1277,133,1,0
BRDA:1288,134,0,0
BRDA:1288,134,1,1
BRDA:1301,135,0,1
BRDA:1301,135,1,0
BRDA:1304,136,0,1
BRDA:1304,136,1,0
BRDA:1320,137,0,0
BRDA:1320,137,1,1
BRDA:1374,138,0,61
BRDA:1374,138,1,29
BRDA:1374,139,0,90
BRDA:1374,139,1,62
BRDA:1376,140,0,61
BRDA:1376,140,1,61
BRDA:1377,141,0,4
BRDA:1377,141,1,57
BRDA:1378,142,0,0
BRDA:1378,142,1,4
BRDA:1378,143,0,4
BRDA:1378,143,1,0
BRDA:1380,144,0,4
BRDA:1380,144,1,0
BRDA:1380,145,0,4
BRDA:1380,145,1,4
BRDA:1388,146,0,126
BRDA:1388,146,1,0
BRDA:1390,147,0,0
BRDA:1390,147,1,126
BRDA:1403,148,0,126
BRDA:1403,148,1,0
BRDA:1412,149,0,126
BRDA:1412,149,1,0
BRDA:1432,150,0,0
BRDA:1432,150,1,0
BRDA:1435,151,0,0
BRDA:1435,151,1,0
BRDA:1447,152,0,126
BRDA:1447,152,1,0
BRDA:1529,153,0,6
BRDA:1529,153,1,0
BRDA:1530,154,0,0
BRDA:1530,154,1,6
BRDA:1533,155,0,0
BRDA:1533,155,1,6
BRDA:1537,156,0,0
BRDA:1537,156,1,6
BRDA:1541,157,0,0
BRDA:1541,157,1,6
BRDA:1545,158,0,0
BRDA:1545,158,1,6
BRDA:1551,159,0,6
BRDA:1551,159,1,6
BRDA:1573,160,0,0
BRDA:1573,160,1,6
BRDA:1585,161,0,0
BRDA:1585,161,1,6
BRDA:1606,162,0,100
BRDA:1606,162,1,0
BRDA:1606,163,0,100
BRDA:1606,163,1,100
BRDA:1614,164,0,0
BRDA:1614,164,1,48
BRDA:1627,165,0,0
BRDA:1627,165,1,6
BRDA:1640,166,0,0
BRDA:1640,166,1,0
BRDA:1643,167,0,6
BRDA:1643,167,1,6
BRDA:1644,168,0,0
BRDA:1644,168,1,6
BRDA:1653,169,0,0
BRDA:1653,169,1,6
BRDA:1657,170,0,0
BRDA:1657,170,1,0
BRDA:1661,171,0,0
BRDA:1661,171,1,0
BRDA:1671,172,0,0
BRDA:1671,172,1,0
BRDA:1698,173,0,199
BRDA:1698,173,1,6
BRDA:1717,174,0,1
BRDA:1717,174,1,0
BRDA:1727,175,0,132
BRDA:1727,175,1,132
BRDA:1728,176,0,122
BRDA:1728,176,1,10
BRDA:1729,177,0,122
BRDA:1729,177,1,0
BRDA:1729,178,0,122
BRDA:1729,178,1,122
BRDA:1733,179,0,0
BRDA:1733,179,1,0
BRDA:1733,180,0,0
BRDA:1733,180,1,0
BRDA:1738,181,0,0
BRDA:1738,181,1,10
BRDA:1745,182,0,0
BRDA:1745,182,1,10
BRDA:1769,183,0,0
BRDA:1769,183,1,1
BRDA:1769,184,0,1
BRDA:1769,184,1,0
BRDA:1776,185,0,0
BRDA:1776,185,1,0
BRDA:1823,186,0,0
BRDA:1823,186,1,1
BRDA:1852,187,0,1
BRDA:1852,187,1,0
BRDA:1853,188,0,0
BRDA:1853,188,1,1
BRDA:1868,189,0,1
BRDA:1868,189,1,0
BRDA:1883,190,0,1
BRDA:1883,190,1,0
BRDA:1895,191,0,0
BRDA:1895,191,1,1
BRDA:1895,192,0,1
BRDA:1895,192,1,0
BRDA:1897,193,0,0
BRDA:1897,193,1,0
BRDA:1908,194,0,0
BRDA:1908,194,1,1
BRDA:1908,195,0,1
BRDA:1908,195,1,1
BRDA:1912,196,0,0
BRDA:1912,196,1,1
BRDA:1912,197,0,1
BRDA:1912,197,1,0
BRDA:1912,197,2,0
BRDA:1912,197,3,0
BRDA:1918,198,0,0
BRDA:1918,198,1,1
BRDA:1918,199,0,1
BRDA:1918,199,1,0
BRDA:1946,200,0,1
BRDA:1946,200,1,1
BRDA:1968,201,0,0
BRDA:1968,201,1,1
BRDA:1974,202,0,0
BRDA:1974,202,1,0
BRDA:1974,202,2,0
BRDA:1978,203,0,0
BRDA:1978,203,1,0
BRDA:2007,204,0,1
BRDA:2007,204,1,1
BRDA:2015,205,0,0
BRDA:2015,205,1,1
BRDA:2018,206,0,2
BRDA:2018,206,1,2
BRDA:2024,207,0,1
BRDA:2024,207,1,1
BRDA:2026,208,0,1
BRDA:2026,208,1,0
BRDA:2026,209,0,1
BRDA:2026,209,1,1
BRDA:2033,210,0,1
BRDA:2033,210,1,0
BRDA:2047,211,0,1
BRDA:2047,211,1,0
BRDA:2047,212,0,1
BRDA:2047,212,1,1
BRDA:2056,213,0,0
BRDA:2056,213,1,1
BRDA:2057,214,0,0
BRDA:2057,214,1,0
BRDA:2058,215,0,0
BRDA:2058,215,1,0
BRDA:2077,216,0,0
BRDA:2077,216,1,0
BRDA:2077,217,0,0
BRDA:2077,217,1,0
BRDA:2077,217,2,0
BRDA:2093,218,0,0
BRDA:2093,218,1,1
BRDA:2095,219,0,0
BRDA:2095,219,1,0
BRDA:2096,220,0,0
BRDA:2096,220,1,0
BRDA:2103,221,0,0
BRDA:2103,221,1,0
BRDA:2104,222,0,0
BRDA:2104,222,1,0
BRDA:2111,223,0,0
BRDA:2111,223,1,0
BRDA:2116,224,0,0
BRDA:2116,224,1,0
BRDA:2127,225,0,0
BRDA:2127,225,1,0
BRDA:2129,226,0,0
BRDA:2129,226,1,0
BRDA:2253,227,0,0
BRDA:2253,227,1,0
BRDA:2253,227,2,0
BRDA:2253,227,3,0
BRDA:2260,228,0,0
BRDA:2260,228,1,0
BRDA:2260,229,0,0
BRDA:2260,229,1,0
BRDA:2265,230,0,0
BRDA:2265,230,1,0
BRDA:2270,231,0,0
BRDA:2270,231,1,0
BRDA:2271,232,0,0
BRDA:2271,232,1,0
BRDA:2275,233,0,0
BRDA:2275,233,1,0
BRDA:2276,234,0,0
BRDA:2276,234,1,0
BRDA:2328,235,0,1
BRDA:2328,235,1,0
BRDA:2345,236,0,0
BRDA:2345,236,1,0
BRDA:2351,237,0,0
BRDA:2351,237,1,0
BRDA:2358,238,0,0
BRDA:2358,238,1,0
BRDA:2365,239,0,0
BRDA:2365,239,1,0
BRDA:2379,240,0,0
BRDA:2379,240,1,0
BRDA:2380,241,0,0
BRDA:2380,241,1,0
BRDA:2384,242,0,0
BRDA:2384,242,1,0
BRDA:2389,243,0,0
BRDA:2389,243,1,0
BRDA:2408,244,0,0
BRDA:2408,244,1,0
BRDA:2423,245,0,1
BRDA:2423,245,1,0
BRDA:2458,246,0,40
BRDA:2458,246,1,24
BRDA:2459,247,0,16
BRDA:2459,247,1,8
BRDA:2459,248,0,24
BRDA:2459,248,1,24
BRDA:2466,249,0,20
BRDA:2466,249,1,0
BRDA:2469,250,0,40
BRDA:2469,250,1,20
BRDA:2470,251,0,4
BRDA:2470,251,1,16
BRDA:2470,252,0,20
BRDA:2470,252,1,20
BRDA:2538,253,0,0
BRDA:2538,253,1,2
BRDA:2544,254,0,0
BRDA:2544,254,1,0
BRDA:2545,255,0,0
BRDA:2545,255,1,0
BRDA:2549,256,0,0
BRDA:2549,256,1,0
BRDA:2558,257,0,0
BRDA:2558,257,1,0
BRDA:2572,258,0,0
BRDA:2572,258,1,0
BRDA:2579,259,0,0
BRDA:2579,259,1,0
BRDA:2584,260,0,0
BRDA:2584,260,1,0
BRDA:2589,261,0,0
BRDA:2589,261,1,0
BRDA:2598,262,0,0
BRDA:2598,262,1,0
BRDA:2601,263,0,0
BRDA:2601,263,1,0
BRDA:2606,264,0,0
BRDA:2606,264,1,0
BRDA:2606,265,0,0
BRDA:2606,265,1,0
BRDA:2613,266,0,0
BRDA:2613,266,1,0
BRDA:2617,267,0,0
BRDA:2617,267,1,0
BRDA:2626,268,0,0
BRDA:2626,268,1,0
BRDA:2657,269,0,0
BRDA:2657,269,1,0
BRDA:2665,270,0,0
BRDA:2665,270,1,0
BRDA:2676,271,0,0
BRDA:2676,271,1,0
BRDA:2676,272,0,0
BRDA:2676,272,1,0
BRDA:2679,273,0,0
BRDA:2679,273,1,0
BRDA:2682,274,0,0
BRDA:2682,274,1,0
BRDA:2685,275,0,0
BRDA:2685,275,1,0
BRDA:2687,276,0,0
BRDA:2687,276,1,0
BRDA:2688,277,0,0
BRDA:2688,277,1,0
BRDA:2690,278,0,0
BRDA:2690,278,1,0
BRDA:2695,279,0,0
BRDA:2695,279,1,0
BRDA:2708,280,0,0
BRDA:2708,280,1,0
BRDA:2725,281,0,2
BRDA:2725,281,1,2
BRDA:2725,281,2,2
BRDA:2732,282,0,2
BRDA:2732,282,1,0
BRDA:2732,283,0,2
BRDA:2732,283,1,2
BRDA:2735,284,0,2
BRDA:2735,284,1,0
BRDA:2736,285,0,0
BRDA:2736,285,1,0
BRDA:2737,286,0,0
BRDA:2737,286,1,0
BRDA:2738,287,0,0
BRDA:2738,287,1,0
BRDA:2756,288,0,22
BRDA:2756,288,1,2
BRDA:2757,289,0,22
BRDA:2757,289,1,0
BRDA:2770,290,0,0
BRDA:2770,290,1,0
BRDA:2770,291,0,0
BRDA:2770,291,1,0
BRDA:2779,292,0,0
BRDA:2779,292,1,0
BRDA:2794,293,0,0
BRDA:2794,293,1,0
BRDA:2796,294,0,0
BRDA:2796,294,1,0
BRDA:2875,295,0,21
BRDA:2875,295,1,1
BRDA:2876,296,0,21
BRDA:2876,296,1,0
BRDA:2881,297,0,0
BRDA:2881,297,1,0
BRDA:2887,298,0,0
BRDA:2887,298,1,0
BRDA:2890,299,0,0
BRDA:2890,299,1,0
BRDA:2892,300,0,0
BRDA:2892,300,1,0
BRDA:2892,301,0,0
BRDA:2892,301,1,0
BRDA:2893,302,0,0
BRDA:2893,302,1,0
BRDA:2936,303,0,0
BRDA:2936,303,1,0
BRDA:2948,304,0,0
BRDA:2948,304,1,0
BRDA:2962,305,0,0
BRDA:2962,305,1,0
BRDA:2962,306,0,0
BRDA:2962,306,1,0
BRDA:2969,307,0,0
BRDA:2969,307,1,1
BRDA:2973,308,0,0
BRDA:2973,308,1,0
BRDA:3013,309,0,40
BRDA:3013,309,1,20
BRDA:3014,310,0,20
BRDA:3014,310,1,0
BRDA:3021,311,0,0
BRDA:3021,311,1,20
BRDA:3024,312,0,0
BRDA:3024,312,1,20
BRDA:3024,313,0,20
BRDA:3024,313,1,0
BRDA:3031,314,0,20
BRDA:3031,314,1,20
BRDA:3036,315,0,20
BRDA:3036,315,1,20
BRDA:3046,316,0,1
BRDA:3046,316,1,0
BRDA:3046,316,2,0
BRDA:3046,316,3,0
BRDA:3046,316,4,0
BRDA:3078,317,0,0
BRDA:3078,317,1,1
BRDA:3084,318,0,0
BRDA:3084,318,1,1
BRDA:3084,319,0,1
BRDA:3084,319,1,0
BRDA:3086,320,0,0
BRDA:3086,320,1,0
BRDA:3113,321,0,0
BRDA:3113,321,1,1
BRDA:3113,322,0,1
BRDA:3113,322,1,1
BRDA:3113,322,2,0
BRDA:3144,323,0,0
BRDA:3144,323,1,0
BRDA:3158,324,0,1
BRDA:3158,324,1,0
BRDA:3158,324,2,0
BRDA:3164,325,0,0
BRDA:3164,325,1,1
BRDA:3167,326,0,0
BRDA:3167,326,1,1
BRDA:3170,327,0,1
BRDA:3170,327,1,1
BRDA:3171,328,0,1
BRDA:3171,328,1,0
BRDA:3196,329,0,301
BRDA:3196,329,1,5
BRDA:3200,330,0,168
BRDA:3200,330,1,54
BRDA:3201,331,0,84
BRDA:3201,331,1,84
BRDA:3220,332,0,7
BRDA:3220,332,1,0
BRDA:3229,333,0,0
BRDA:3229,333,1,0
BRDA:3229,334,0,0
BRDA:3229,334,1,0
BRDA:3237,335,0,0
BRDA:3237,335,1,0
BRDA:3239,336,0,0
BRDA:3239,336,1,0
BRDA:3257,337,0,18
BRDA:3257,337,1,114
BRDA:3257,338,0,132
BRDA:3257,338,1,84
BRDA:3264,339,0,0
BRDA:3264,339,1,0
BRDA:3265,340,0,0
BRDA:3265,340,1,0
BRDA:3267,341,0,0
BRDA:3267,341,1,0
BRDA:3268,342,0,0
BRDA:3268,342,1,0
BRDA:3275,343,0,0
BRDA:3275,343,1,0
BRDA:3279,344,0,0
BRDA:3279,344,1,0
BRDA:3295,345,0,0
BRDA:3295,345,1,0
BRDA:3297,346,0,0
BRDA:3297,346,1,0
BRDA:3297,346,2,0
BRDA:3300,347,0,0
BRDA:3300,347,1,0
BRDA:3316,348,0,0
BRDA:3316,348,1,0
BRDA:3317,349,0,0
BRDA:3317,349,1,0
BRDA:3318,350,0,0
BRDA:3318,350,1,0
BRDA:3321,351,0,0
BRDA:3321,351,1,0
BRDA:3325,352,0,0
BRDA:3325,352,1,0
BRDA:3329,353,0,0
BRDA:3329,353,1,0
BRDA:3332,354,0,0
BRDA:3332,354,1,0
BRDA:3332,355,0,0
BRDA:3332,355,1,0
BRDA:3340,356,0,0
BRDA:3340,356,1,0
BRDA:3353,357,0,0
BRDA:3353,357,1,0
BRDA:3361,358,0,0
BRDA:3361,358,1,100
BRDA:3361,359,0,100
BRDA:3361,359,1,0
BRDA:3365,360,0,0
BRDA:3365,360,1,0
BRDA:3365,361,0,0
BRDA:3365,361,1,0
BRDA:3365,361,2,0
BRDA:3366,362,0,0
BRDA:3366,362,1,0
BRDA:3366,363,0,0
BRDA:3366,363,1,0
BRDA:3373,364,0,0
BRDA:3373,364,1,7
BRDA:3380,365,0,30
BRDA:3380,365,1,12
BRDA:3384,366,0,12
BRDA:3384,366,1,0
BRDA:3386,367,0,0
BRDA:3386,367,1,12
BRDA:3387,368,0,0
BRDA:3387,368,1,0
BRDA:3387,369,0,0
BRDA:3387,369,1,0
BRDA:3388,370,0,0
BRDA:3388,370,1,0
BRDA:3388,371,0,0
BRDA:3388,371,1,0
BRDA:3393,372,0,12
BRDA:3393,372,1,0
BRDA:3398,373,0,0
BRDA:3398,373,1,12
BRDA:3409,374,0,0
BRDA:3409,374,1,30
BRDA:3410,375,0,0
BRDA:3410,375,1,0
BRDA:3410,376,0,0
BRDA:3410,376,1,0
BRDA:3417,377,0,0
BRDA:3417,377,1,30
BRDA:3418,378,0,0
BRDA:3418,378,1,0
BRDA:3419,379,0,0
BRDA:3419,379,1,0
BRDA:3424,380,0,0
BRDA:3424,380,1,0
BRDA:3425,381,0,0
BRDA:3425,381,1,0
BRDA:3425,382,0,0
BRDA:3425,382,1,0
BRDA:3426,383,0,0
BRDA:3426,383,1,0
BRDA:3426,384,0,0
BRDA:3426,384,1,0
BRDA:3454,385,0,14
BRDA:3454,385,1,8
BRDA:3461,386,0,6
BRDA:3461,386,1,0
BRDA:3466,387,0,6
BRDA:3466,387,1,0
BRDA:3477,388,0,0
BRDA:3477,388,1,6
BRDA:3478,389,0,0
BRDA:3478,389,1,6
BRDA:3479,390,0,6
BRDA:3479,390,1,0
BRDA:3484,391,0,0
BRDA:3484,391,1,126
BRDA:3484,392,0,126
BRDA:3484,392,1,0
BRDA:3485,393,0,0
BRDA:3485,393,1,126
BRDA:3487,394,0,126
BRDA:3487,394,1,0
BRDA:3491,395,0,0
BRDA:3491,395,1,0
BRDA:3491,396,0,0
BRDA:3491,396,1,0
BRDA:3492,397,0,0
BRDA:3492,397,1,0
BRDA:3504,398,0,6
BRDA:3504,398,1,0
BRDA:3504,399,0,6
BRDA:3504,399,1,0
BRDA:3506,400,0,8
BRDA:3506,400,1,0
BRDA:3507,401,0,8
BRDA:3507,401,1,0
BRDA:3510,402,0,6
BRDA:3510,402,1,0
BRDA:3519,403,0,6
BRDA:3519,403,1,0
BRDA:3527,404,0,0
BRDA:3527,404,1,100
BRDA:3528,405,0,0
BRDA:3528,405,1,0
BRDA:3528,406,0,0
BRDA:3528,406,1,0
BRDA:3531,407,0,0
BRDA:3531,407,1,100
BRDA:3532,408,0,0
BRDA:3532,408,1,0
BRDA:3532,409,0,0
BRDA:3532,409,1,0
BRDA:3545,410,0,0
BRDA:3545,410,1,0
BRDA:3546,411,0,0
BRDA:3546,411,1,0
BRDA:3546,412,0,0
BRDA:3546,412,1,0
BRDA:3552,413,0,0
BRDA:3552,413,1,6
BRDA:3554,414,0,0
BRDA:3554,414,1,6
BRDA:3561,415,0,0
BRDA:3561,415,1,6
BRDA:3598,416,0,0
BRDA:3598,416,1,0
BRDA:3619,417,0,0
BRDA:3619,417,1,0
BRDA:3619,417,2,0
BRDA:3619,417,3,0
BRDA:3619,417,4,0
BRDA:3619,417,5,0
BRDA:3622,418,0,0
BRDA:3622,418,1,0
BRDA:3624,419,0,0
BRDA:3624,419,1,0
BRDA:3624,419,2,0
BRDA:3626,420,0,0
BRDA:3626,420,1,0
BRDA:3636,421,0,0
BRDA:3636,421,1,0
BRDA:3637,422,0,0
BRDA:3637,422,1,0
BRDA:3637,423,0,0
BRDA:3637,423,1,0
BRDA:3638,424,0,0
BRDA:3638,424,1,0
BRDA:3638,425,0,0
BRDA:3638,425,1,0
BRDA:3657,426,0,0
BRDA:3657,426,1,0
BRDA:3657,427,0,0
BRDA:3657,427,1,0
BRDA:3657,427,2,0
BRDA:3657,427,3,0
BRDA:3685,428,0,0
BRDA:3685,428,1,0
BRDA:3686,429,0,0
BRDA:3686,429,1,0
BRDA:3687,430,0,0
BRDA:3687,430,1,0
BRDA:3687,431,0,0
BRDA:3687,431,1,0
BRDA:3718,432,0,0
BRDA:3718,432,1,24
BRDA:3741,433,0,0
BRDA:3741,433,1,0
BRDA:3741,434,0,0
BRDA:3741,434,1,0
BRDA:3744,435,0,0
BRDA:3744,435,1,0
BRDA:3744,436,0,0
BRDA:3744,436,1,0
BRDA:3749,437,0,1
BRDA:3749,437,1,1
BRDA:3749,437,2,1
BRDA:3756,438,0,1
BRDA:3756,438,1,1
BRDA:3756,438,2,1
BRDA:3773,439,0,0
BRDA:3773,439,1,0
BRDA:3787,440,0,0
BRDA:3787,440,1,0
BRDA:3796,441,0,0
BRDA:3796,441,1,0
BRDA:3802,442,0,0
BRDA:3802,442,1,0
BRDA:3810,443,0,0
BRDA:3810,443,1,0
BRDA:3813,444,0,0
BRDA:3813,444,1,0
BRDA:3819,445,0,0
BRDA:3819,445,1,0
BRDA:3820,446,0,0
BRDA:3820,446,1,0
BRDA:3831,447,0,0
BRDA:3831,447,1,0
BRDA:3833,448,0,0
BRDA:3833,448,1,0
BRDA:3833,449,0,0
BRDA:3833,449,1,0
BRDA:3833,450,0,0
BRDA:3833,450,1,0
BRDA:3850,451,0,0
BRDA:3850,451,1,0
BRDA:3851,452,0,0
BRDA:3851,452,1,0
BRDA:3860,453,0,0
BRDA:3860,453,1,78
BRDA:3864,454,0,0
BRDA:3864,454,1,0
BRDA:3864,455,0,0
BRDA:3864,455,1,0
BRDA:3865,456,0,0
BRDA:3865,456,1,0
BRDA:3867,457,0,0
BRDA:3867,457,1,0
BRDA:3873,458,0,0
BRDA:3873,458,1,0
BRDA:3874,459,0,0
BRDA:3874,459,1,0
BRDA:3874,460,0,0
BRDA:3874,460,1,0
BRDA:3879,461,0,0
BRDA:3879,461,1,0
BRDA:3880,462,0,0
BRDA:3880,462,1,0
BRDA:3885,463,0,0
BRDA:3885,463,1,0
BRDA:3885,464,0,0
BRDA:3885,464,1,0
BRDA:3890,465,0,0
BRDA:3890,465,1,0
BRDA:3890,466,0,0
BRDA:3890,466,1,0
BRDA:3891,467,0,0
BRDA:3891,467,1,0
BRDA:3897,468,0,0
BRDA:3897,468,1,0
BRDA:3897,469,0,0
BRDA:3897,469,1,0
BRDA:3904,470,0,0
BRDA:3904,470,1,0
BRDA:3924,471,0,0
BRDA:3924,471,1,0
BRDA:3925,472,0,0
BRDA:3925,472,1,0
BRDA:3926,473,0,0
BRDA:3926,473,1,0
BRDA:3926,474,0,0
BRDA:3926,474,1,0
BRDA:3934,475,0,0
BRDA:3934,475,1,0
BRDA:3936,476,0,0
BRDA:3936,476,1,0
BRDA:3937,477,0,0
BRDA:3937,477,1,0
BRDA:3938,478,0,0
BRDA:3938,478,1,0
BRDA:3947,479,0,0
BRDA:3947,479,1,0
BRDA:3950,480,0,0
BRDA:3950,480,1,0
BRDA:3950,481,0,0
BRDA:3950,481,1,0
BRDA:3950,481,2,0
BRDA:3953,482,0,0
BRDA:3953,482,1,0
BRDA:3953,483,0,0
BRDA:3953,483,1,0
BRDA:3961,484,0,0
BRDA:3961,484,1,0
BRDA:3961,485,0,0
BRDA:3961,485,1,0
BRDA:3961,485,2,0
BRDA:3964,486,0,0
BRDA:3964,486,1,0
BRDA:3967,487,0,0
BRDA:3967,487,1,0
BRDA:3970,488,0,0
BRDA:3970,488,1,0
BRDA:3977,489,0,0
BRDA:3977,489,1,0
BRDA:3985,490,0,0
BRDA:3985,490,1,0
BRDA:3998,491,0,0
BRDA:3998,491,1,0
BRDA:4012,492,0,1
BRDA:4012,492,1,1
BRDA:4018,493,0,1
BRDA:4018,493,1,0
BRDA:4028,494,0,0
BRDA:4028,494,1,1
BRDA:4038,495,0,0
BRDA:4038,495,1,0
BRDA:4040,496,0,0
BRDA:4040,496,1,0
BRDA:4060,497,0,0
BRDA:4060,497,1,0
BRDA:4065,498,0,0
BRDA:4065,498,1,0
BRDA:4065,499,0,0
BRDA:4065,499,1,0
BRDA:4099,500,0,0
BRDA:4099,500,1,0
BRDA:4099,500,2,0
BRDA:4101,501,0,0
BRDA:4101,501,1,0
BRDA:4107,502,0,0
BRDA:4107,502,1,0
BRDA:4108,503,0,0
BRDA:4108,503,1,0
BRDA:4108,504,0,0
BRDA:4108,504,1,0
BRDA:4108,504,2,0
BRDA:4108,504,3,0
BRDA:4108,504,4,0
BRDA:4110,505,0,0
BRDA:4110,505,1,0
BRDA:4116,506,0,0
BRDA:4116,506,1,0
BRDA:4116,506,2,0
BRDA:4130,507,0,0
BRDA:4130,507,1,0
BRDA:4132,508,0,0
BRDA:4132,508,1,0
BRDA:4141,509,0,0
BRDA:4141,509,1,0
BRDA:4148,510,0,0
BRDA:4148,510,1,0
BRDA:4149,511,0,0
BRDA:4149,511,1,0
BRDA:4163,512,0,0
BRDA:4163,512,1,0
BRDA:4164,513,0,0
BRDA:4164,513,1,0
BRDA:4164,513,2,0
BRDA:4164,513,3,0
BRDA:4181,514,0,0
BRDA:4181,514,1,0
BRDA:4181,514,2,0
BRDA:4181,514,3,0
BRDA:4181,514,4,0
BRDA:4181,514,5,0
BRDA:4181,514,6,0
BRDA:4183,515,0,0
BRDA:4183,515,1,0
BRDA:4183,516,0,0
BRDA:4183,516,1,0
BRDA:4187,517,0,0
BRDA:4187,517,1,0
BRDA:4195,518,0,0
BRDA:4195,518,1,0
BRDA:4195,519,0,0
BRDA:4195,519,1,0
BRDA:4199,520,0,0
BRDA:4199,520,1,0
BRDA:4208,521,0,0
BRDA:4208,521,1,1
BRDA:4208,522,0,1
BRDA:4208,522,1,0
BRF:1110
BRH:356
end_of_record
TN:
SF:./src/xblocks.js
FN:3,(anonymous_1)
FN:21,(anonymous_2)
FN:42,(anonymous_3)
FN:62,(anonymous_4)
FN:64,(anonymous_5)
FN:76,(anonymous_6)
FN:113,(anonymous_7)
FN:132,(anonymous_8)
FN:174,(anonymous_9)
FN:243,(anonymous_10)
FN:248,(anonymous_11)
FN:259,(anonymous_12)
FN:267,(anonymous_13)
FN:290,(anonymous_14)
FN:311,(anonymous_15)
FN:338,(anonymous_16)
FN:342,(anonymous_17)
FN:346,(anonymous_18)
FN:351,(anonymous_19)
FN:377,(anonymous_20)
FN:398,(anonymous_21)
FN:408,(anonymous_22)
FN:473,(anonymous_23)
FN:500,(anonymous_24)
FN:514,(anonymous_25)
FN:524,(anonymous_26)
FN:551,(anonymous_27)
FN:575,(anonymous_28)
FN:592,(anonymous_29)
FN:604,(anonymous_30)
FN:621,(anonymous_31)
FN:643,(anonymous_32)
FN:650,(anonymous_33)
FN:654,(anonymous_34)
FN:663,(anonymous_35)
FN:668,(anonymous_36)
FN:676,(anonymous_37)
FN:715,(anonymous_38)
FN:720,(anonymous_39)
FN:734,(anonymous_40)
FN:747,(anonymous_41)
FN:772,(anonymous_42)
FN:798,(anonymous_43)
FN:815,(anonymous_44)
FN:825,(anonymous_45)
FN:834,(anonymous_46)
FN:843,(anonymous_47)
FN:852,(anonymous_48)
FN:868,(anonymous_49)
FN:876,(anonymous_50)
FN:910,(anonymous_51)
FN:925,(anonymous_52)
FN:931,(anonymous_53)
FN:939,(anonymous_54)
FN:952,(anonymous_55)
FN:966,(anonymous_56)
FN:974,(anonymous_57)
FN:982,(anonymous_58)
FN:995,(anonymous_59)
FN:999,(anonymous_60)
FN:1011,(anonymous_61)
FN:1018,(anonymous_62)
FN:1025,(anonymous_63)
FN:1048,(anonymous_64)
FN:1063,(anonymous_65)
FN:1078,(anonymous_66)
FN:1084,(anonymous_67)
FN:1092,(anonymous_68)
FN:1105,(anonymous_69)
FN:1111,(anonymous_70)
FN:1136,(anonymous_71)
FN:1140,(anonymous_72)
FN:1165,(anonymous_73)
FN:1206,(anonymous_74)
FN:1215,(anonymous_75)
FN:1224,(anonymous_76)
FN:1233,(anonymous_77)
FN:1241,(anonymous_78)
FN:1249,(anonymous_79)
FN:1266,(anonymous_80)
FN:1276,(anonymous_81)
FN:1301,(anonymous_82)
FN:1309,(anonymous_83)
FN:1326,(anonymous_84)
FN:1369,(anonymous_85)
FN:1389,(anonymous_86)
FN:1393,(anonymous_87)
FN:1399,(anonymous_88)
FN:1408,(anonymous_89)
FN:1418,(anonymous_90)
FN:1446,(anonymous_91)
FN:1458,(anonymous_92)
FN:1468,(anonymous_93)
FN:1481,(anonymous_94)
FN:1507,(anonymous_95)
FN:1530,(anonymous_96)
FN:1542,(anonymous_97)
FNF:97
FNH:74
FNDA:1,(anonymous_1)
FNDA:0,(anonymous_2)
FNDA:284,(anonymous_3)
FNDA:1,(anonymous_4)
FNDA:126,(anonymous_5)
FNDA:497,(anonymous_6)
FNDA:271,(anonymous_7)
FNDA:3,(anonymous_8)
FNDA:95,(anonymous_9)
FNDA:1,(anonymous_10)
FNDA:0,(anonymous_11)
FNDA:9,(anonymous_12)
FNDA:9,(anonymous_13)
FNDA:0,(anonymous_14)
FNDA:7,(anonymous_15)
FNDA:0,(anonymous_16)
FNDA:0,(anonymous_17)
FNDA:1,(anonymous_18)
FNDA:19,(anonymous_19)
FNDA:126,(anonymous_20)
FNDA:1,(anonymous_21)
FNDA:0,(anonymous_22)
FNDA:0,(anonymous_23)
FNDA:118,(anonymous_24)
FNDA:121,(anonymous_25)
FNDA:71,(anonymous_26)
FNDA:72,(anonymous_27)
FNDA:18,(anonymous_28)
FNDA:1,(anonymous_29)
FNDA:1,(anonymous_30)
FNDA:4,(anonymous_31)
FNDA:1,(anonymous_32)
FNDA:0,(anonymous_33)
FNDA:0,(anonymous_34)
FNDA:0,(anonymous_35)
FNDA:0,(anonymous_36)
FNDA:0,(anonymous_37)
FNDA:1,(anonymous_38)
FNDA:1,(anonymous_39)
FNDA:17,(anonymous_40)
FNDA:0,(anonymous_41)
FNDA:17,(anonymous_42)
FNDA:7,(anonymous_43)
FNDA:8,(anonymous_44)
FNDA:0,(anonymous_45)
FNDA:0,(anonymous_46)
FNDA:7,(anonymous_47)
FNDA:7,(anonymous_48)
FNDA:7,(anonymous_49)
FNDA:0,(anonymous_50)
FNDA:1,(anonymous_51)
FNDA:0,(anonymous_52)
FNDA:1,(anonymous_53)
FNDA:6,(anonymous_54)
FNDA:6,(anonymous_55)
FNDA:126,(anonymous_56)
FNDA:8,(anonymous_57)
FNDA:134,(anonymous_58)
FNDA:1,(anonymous_59)
FNDA:8,(anonymous_60)
FNDA:1,(anonymous_61)
FNDA:126,(anonymous_62)
FNDA:8,(anonymous_63)
FNDA:7,(anonymous_64)
FNDA:100,(anonymous_65)
FNDA:29,(anonymous_66)
FNDA:18,(anonymous_67)
FNDA:7,(anonymous_68)
FNDA:54,(anonymous_69)
FNDA:63,(anonymous_70)
FNDA:16,(anonymous_71)
FNDA:4,(anonymous_72)
FNDA:8,(anonymous_73)
FNDA:1,(anonymous_74)
FNDA:1,(anonymous_75)
FNDA:1,(anonymous_76)
FNDA:0,(anonymous_77)
FNDA:8,(anonymous_78)
FNDA:0,(anonymous_79)
FNDA:14,(anonymous_80)
FNDA:14,(anonymous_81)
FNDA:9,(anonymous_82)
FNDA:7,(anonymous_83)
FNDA:1,(anonymous_84)
FNDA:0,(anonymous_85)
FNDA:40,(anonymous_86)
FNDA:0,(anonymous_87)
FNDA:7,(anonymous_88)
FNDA:0,(anonymous_89)
FNDA:8,(anonymous_90)
FNDA:8,(anonymous_91)
FNDA:8,(anonymous_92)
FNDA:0,(anonymous_93)
FNDA:8,(anonymous_94)
FNDA:1,(anonymous_95)
FNDA:1,(anonymous_96)
FNDA:1,(anonymous_97)
DA:3,1
DA:9,1
DA:11,1
DA:16,1
DA:18,1
DA:19,1
DA:20,1
DA:21,1
DA:29,1
DA:31,1
DA:32,1
DA:34,1
DA:35,1
DA:40,1
DA:42,1
DA:62,1
DA:63,1
DA:64,1
DA:65,126
DA:76,1
DA:77,497
DA:78,7
DA:81,490
DA:82,1
DA:85,489
DA:87,489
DA:88,215
DA:93,489
DA:94,8
DA:95,8
DA:96,3
DA:99,5
DA:103,489
DA:113,1
DA:114,271
DA:115,174
DA:118,97
DA:119,0
DA:122,97
DA:132,1
DA:133,3
DA:134,0
DA:137,3
DA:139,3
DA:140,0
DA:143,3
DA:144,0
DA:147,3
DA:149,3
DA:150,0
DA:153,3
DA:155,3
DA:156,2
DA:159,1
DA:160,1
DA:161,0
DA:165,1
DA:174,1
DA:175,95
DA:176,95
DA:177,95
DA:178,95
DA:179,95
DA:180,95
DA:181,95
DA:182,95
DA:183,95
DA:184,95
DA:185,95
DA:187,95
DA:188,93
DA:189,93
DA:190,93
DA:193,95
DA:195,95
DA:196,0
DA:199,95
DA:200,0
DA:201,0
DA:204,95
DA:205,118
DA:207,118
DA:208,249
DA:209,249
DA:211,249
DA:212,0
DA:215,249
DA:216,78
DA:217,0
DA:218,0
DA:221,78
DA:224,78
DA:226,171
DA:227,171
DA:233,95
DA:243,1
DA:244,1
DA:245,1
DA:248,0
DA:249,0
DA:259,1
DA:260,9
DA:261,2
DA:264,9
DA:266,9
DA:267,9
DA:268,9
DA:270,9
DA:271,9
DA:273,9
DA:277,9
DA:289,1
DA:291,0
DA:292,0
DA:295,0
DA:296,0
DA:298,0
DA:299,0
DA:302,0
DA:303,0
DA:304,0
DA:308,0
DA:312,7
DA:313,0
DA:316,7
DA:318,7
DA:319,7
DA:320,5
DA:321,2
DA:325,2
DA:329,3
DA:330,3
DA:331,0
DA:335,3
DA:339,0
DA:343,0
DA:347,1
DA:351,1
DA:352,19
DA:353,9
DA:356,10
DA:357,10
DA:359,10
DA:360,1
DA:363,9
DA:364,8
DA:367,1
DA:377,1
DA:378,126
DA:380,126
DA:381,0
DA:384,126
DA:385,126
DA:388,0
DA:389,0
DA:392,0
DA:398,1
DA:400,1
DA:408,1
DA:409,0
DA:411,0
DA:424,0
DA:436,1
DA:437,1
DA:442,1
DA:459,1
DA:463,1
DA:473,1
DA:474,0
DA:475,0
DA:478,0
DA:479,0
DA:480,0
DA:481,0
DA:488,0
DA:493,0
DA:500,1
DA:501,118
DA:503,118
DA:504,108
DA:507,118
DA:514,1
DA:515,121
DA:524,1
DA:525,71
DA:526,41
DA:527,40
DA:531,71
DA:533,51
DA:536,0
DA:539,3
DA:542,17
DA:551,1
DA:552,72
DA:553,72
DA:555,72
DA:556,71
DA:557,71
DA:565,72
DA:575,1
DA:576,18
DA:578,18
DA:579,1
DA:581,1
DA:582,1
DA:586,18
DA:592,1
DA:593,1
DA:594,1
DA:597,0
DA:604,1
DA:605,1
DA:606,1
DA:609,0
DA:621,1
DA:623,4
DA:643,1
DA:645,1
DA:646,1
DA:647,1
DA:649,1
DA:650,1
DA:651,0
DA:654,1
DA:655,0
DA:659,0
DA:660,0
DA:662,0
DA:663,0
DA:664,0
DA:668,0
DA:669,0
DA:670,0
DA:671,0
DA:672,0
DA:676,0
DA:677,0
DA:678,0
DA:679,0
DA:681,0
DA:682,0
DA:683,0
DA:686,0
DA:688,0
DA:689,0
DA:692,0
DA:696,1
DA:710,1
DA:715,1
DA:716,1
DA:717,0
DA:720,1
DA:723,1
DA:724,1
DA:725,1
DA:727,1
DA:728,1
DA:733,1
DA:734,1
DA:735,17
DA:737,17
DA:738,17
DA:739,17
DA:741,17
DA:743,17
DA:747,0
DA:748,0
DA:750,0
DA:751,0
DA:752,0
DA:754,0
DA:755,0
DA:757,0
DA:761,1
DA:763,1
DA:772,1
DA:773,17
DA:786,1
DA:788,1
DA:790,1
DA:792,1
DA:798,1
DA:799,7
DA:801,7
DA:802,7
DA:803,7
DA:806,0
DA:815,1
DA:816,8
DA:817,8
DA:818,8
DA:825,1
DA:826,0
DA:827,0
DA:834,1
DA:835,0
DA:836,0
DA:843,1
DA:844,7
DA:845,7
DA:852,1
DA:853,7
DA:854,0
DA:857,7
DA:858,0
DA:860,7
DA:868,1
DA:869,7
DA:876,1
DA:877,0
DA:878,0
DA:879,0
DA:881,0
DA:890,1
DA:898,1
DA:900,1
DA:902,1
DA:911,1
DA:913,1
DA:914,1
DA:915,1
DA:919,1
DA:922,0
DA:926,0
DA:930,1
DA:932,1
DA:939,1
DA:940,6
DA:941,6
DA:942,6
DA:944,6
DA:952,1
DA:953,6
DA:954,0
DA:957,6
DA:958,6
DA:959,6
DA:966,1
DA:967,126
DA:974,1
DA:975,8
DA:981,1
DA:983,134
DA:984,126
DA:985,126
DA:986,126
DA:987,126
DA:988,126
DA:989,126
DA:992,8
DA:996,1
DA:1000,8
DA:1001,1
DA:1008,8
DA:1012,1
DA:1016,1
DA:1019,126
DA:1020,126
DA:1022,126
DA:1026,8
DA:1027,0
DA:1030,8
DA:1032,8
DA:1034,8
DA:1038,8
DA:1039,1
DA:1042,7
DA:1045,8
DA:1049,7
DA:1055,7
DA:1056,7
DA:1057,7
DA:1058,7
DA:1059,7
DA:1065,100
DA:1070,0
DA:1079,29
DA:1085,18
DA:1086,7
DA:1089,11
DA:1093,7
DA:1094,0
DA:1097,7
DA:1098,7
DA:1106,54
DA:1112,63
DA:1113,63
DA:1114,63
DA:1115,63
DA:1116,63
DA:1118,63
DA:1119,315
DA:1123,0
DA:1127,63
DA:1128,63
DA:1137,16
DA:1142,4
DA:1143,4
DA:1145,4
DA:1146,4
DA:1148,4
DA:1149,0
DA:1155,4
DA:1165,1
DA:1166,8
DA:1167,8
DA:1168,8
DA:1171,8
DA:1172,8
DA:1173,8
DA:1174,8
DA:1176,8
DA:1177,17
DA:1179,17
DA:1180,11
DA:1181,0
DA:1184,11
DA:1188,8
DA:1190,8
DA:1191,0
DA:1194,8
DA:1200,1
DA:1207,1
DA:1216,1
DA:1225,1
DA:1234,0
DA:1242,8
DA:1250,0
DA:1266,1
DA:1267,14
DA:1268,14
DA:1269,14
DA:1276,1
DA:1277,14
DA:1284,1
DA:1290,1
DA:1296,1
DA:1301,1
DA:1302,9
DA:1303,9
DA:1309,1
DA:1310,7
DA:1311,7
DA:1314,7
DA:1315,0
DA:1318,7
DA:1326,1
DA:1327,1
DA:1328,0
DA:1331,1
DA:1332,1
DA:1334,1
DA:1335,1
DA:1336,1
DA:1337,0
DA:1338,0
DA:1345,1
DA:1346,0
DA:1347,0
DA:1349,0
DA:1350,0
DA:1351,0
DA:1352,0
DA:1357,1
DA:1358,0
DA:1361,1
DA:1362,1
DA:1369,1
DA:1370,0
DA:1371,0
DA:1372,0
DA:1373,0
DA:1375,0
DA:1376,0
DA:1377,0
DA:1381,0
DA:1382,0
DA:1389,1
DA:1390,40
DA:1393,1
DA:1394,0
DA:1395,0
DA:1399,1
DA:1400,7
DA:1401,7
DA:1408,1
DA:1409,0
DA:1418,1
DA:1419,8
DA:1420,0
DA:1423,8
DA:1424,8
DA:1425,8
DA:1427,8
DA:1429,8
DA:1430,0
DA:1431,0
DA:1432,0
DA:1433,0
DA:1434,0
DA:1436,0
DA:1437,0
DA:1441,8
DA:1442,8
DA:1443,8
DA:1447,8
DA:1448,8
DA:1449,8
DA:1458,1
DA:1459,8
DA:1460,8
DA:1461,8
DA:1468,1
DA:1469,0
DA:1470,0
DA:1472,0
DA:1473,0
DA:1481,1
DA:1482,8
DA:1484,8
DA:1485,8
DA:1488,8
DA:1498,8
DA:1499,8
DA:1507,1
DA:1508,1
DA:1509,0
DA:1513,1
DA:1514,0
DA:1516,1
DA:1518,1
DA:1522,1
DA:1530,1
DA:1531,1
DA:1533,1
DA:1536,1
DA:1537,0
DA:1543,1
LF:538
LH:399
BRDA:11,1,0,1
BRDA:11,1,1,1
BRDA:29,2,0,1
BRDA:29,2,1,1
BRDA:77,3,0,7
BRDA:77,3,1,490
BRDA:81,4,0,1
BRDA:81,4,1,489
BRDA:87,5,0,215
BRDA:87,5,1,274
BRDA:93,6,0,8
BRDA:93,6,1,481
BRDA:95,7,0,3
BRDA:95,7,1,5
BRDA:99,8,0,4
BRDA:99,8,1,1
BRDA:114,9,0,174
BRDA:114,9,1,97
BRDA:118,10,0,0
BRDA:118,10,1,97
BRDA:118,11,0,97
BRDA:118,11,1,97
BRDA:133,12,0,0
BRDA:133,12,1,3
BRDA:139,13,0,0
BRDA:139,13,1,3
BRDA:143,14,0,0
BRDA:143,14,1,3
BRDA:149,15,0,0
BRDA:149,15,1,3
BRDA:149,16,0,3
BRDA:149,16,1,0
BRDA:155,17,0,2
BRDA:155,17,1,1
BRDA:159,18,0,1
BRDA:159,18,1,0
BRDA:160,19,0,0
BRDA:160,19,1,1
BRDA:160,20,0,1
BRDA:160,20,1,1
BRDA:181,21,0,95
BRDA:181,21,1,0
BRDA:187,22,0,93
BRDA:187,22,1,2
BRDA:189,23,0,93
BRDA:189,23,1,0
BRDA:195,24,0,0
BRDA:195,24,1,95
BRDA:195,25,0,95
BRDA:195,25,1,0
BRDA:199,26,0,0
BRDA:199,26,1,95
BRDA:205,27,0,118
BRDA:205,27,1,0
BRDA:211,28,0,0
BRDA:211,28,1,249
BRDA:215,29,0,78
BRDA:215,29,1,171
BRDA:215,30,0,249
BRDA:215,30,1,246
BRDA:215,30,2,246
BRDA:215,30,3,168
BRDA:216,31,0,0
BRDA:216,31,1,78
BRDA:218,32,0,0
BRDA:218,32,1,0
BRDA:218,33,0,0
BRDA:218,33,1,0
BRDA:221,34,0,8
BRDA:221,34,1,70
BRDA:221,35,0,78
BRDA:221,35,1,8
BRDA:226,36,0,171
BRDA:226,36,1,0
BRDA:244,37,0,1
BRDA:244,37,1,0
BRDA:260,38,0,2
BRDA:260,38,1,7
BRDA:266,39,0,9
BRDA:266,39,1,0
BRDA:291,40,0,0
BRDA:291,40,1,0
BRDA:298,41,0,0
BRDA:298,41,1,0
BRDA:303,42,0,0
BRDA:303,42,1,0
BRDA:312,43,0,0
BRDA:312,43,1,7
BRDA:319,44,0,5
BRDA:319,44,1,2
BRDA:320,45,0,2
BRDA:320,45,1,3
BRDA:330,46,0,0
BRDA:330,46,1,3
BRDA:352,47,0,9
BRDA:352,47,1,10
BRDA:359,48,0,1
BRDA:359,48,1,9
BRDA:363,49,0,8
BRDA:363,49,1,1
BRDA:380,50,0,0
BRDA:380,50,1,126
BRDA:384,51,0,126
BRDA:384,51,1,0
BRDA:388,52,0,0
BRDA:388,52,1,0
BRDA:388,53,0,0
BRDA:388,53,1,0
BRDA:409,54,0,0
BRDA:409,54,1,0
BRDA:424,55,0,0
BRDA:424,55,1,0
BRDA:436,56,0,1
BRDA:436,56,1,1
BRDA:437,57,0,1
BRDA:437,57,1,1
BRDA:463,58,0,1
BRDA:463,58,1,0
BRDA:474,59,0,0
BRDA:474,59,1,0
BRDA:474,60,0,0
BRDA:474,60,1,0
BRDA:479,61,0,0
BRDA:479,61,1,0
BRDA:479,62,0,0
BRDA:479,62,1,0
BRDA:480,63,0,0
BRDA:480,63,1,0
BRDA:503,64,0,108
BRDA:503,64,1,10
BRDA:503,65,0,118
BRDA:503,65,1,118
BRDA:525,66,0,41
BRDA:525,66,1,30
BRDA:526,67,0,40
BRDA:526,67,1,1
BRDA:526,68,0,41
BRDA:526,68,1,31
BRDA:526,68,2,21
BRDA:531,69,0,51
BRDA:531,69,1,0
BRDA:531,69,2,3
BRDA:531,69,3,17
BRDA:533,70,0,51
BRDA:533,70,1,50
BRDA:533,70,2,38
BRDA:533,70,3,26
BRDA:552,71,0,72
BRDA:552,71,1,0
BRDA:556,72,0,71
BRDA:556,72,1,0
BRDA:578,73,0,1
BRDA:578,73,1,17
BRDA:578,74,0,18
BRDA:578,74,1,18
BRDA:578,74,2,18
BRDA:581,75,0,1
BRDA:581,75,1,0
BRDA:586,76,0,18
BRDA:586,76,1,18
BRDA:593,77,0,1
BRDA:593,77,1,0
BRDA:593,78,0,1
BRDA:593,78,1,1
BRDA:605,79,0,1
BRDA:605,79,1,0
BRDA:605,80,0,1
BRDA:605,80,1,1
BRDA:649,81,0,1
BRDA:649,81,1,0
BRDA:659,82,0,0
BRDA:659,82,1,0
BRDA:662,83,0,0
BRDA:662,83,1,0
BRDA:681,84,0,0
BRDA:681,84,1,0
BRDA:710,85,0,1
BRDA:710,85,1,1
BRDA:716,86,0,0
BRDA:716,86,1,1
BRDA:733,87,0,1
BRDA:733,87,1,0
BRDA:735,88,0,17
BRDA:735,88,1,0
BRDA:748,89,0,0
BRDA:748,89,1,0
BRDA:773,90,0,17
BRDA:773,90,1,9
BRDA:786,91,0,1
BRDA:786,91,1,1
BRDA:801,92,0,7
BRDA:801,92,1,0
BRDA:836,93,0,0
BRDA:836,93,1,0
BRDA:845,94,0,7
BRDA:845,94,1,7
BRDA:853,95,0,0
BRDA:853,95,1,7
BRDA:857,96,0,0
BRDA:857,96,1,7
BRDA:869,97,0,7
BRDA:869,97,1,7
BRDA:869,97,2,7
BRDA:869,97,3,0
BRDA:877,98,0,0
BRDA:877,98,1,0
BRDA:877,99,0,0
BRDA:877,99,1,0
BRDA:877,99,2,0
BRDA:879,100,0,0
BRDA:879,100,1,0
BRDA:911,101,0,1
BRDA:911,101,1,1
BRDA:913,102,0,1
BRDA:913,102,1,0
BRDA:913,103,0,1
BRDA:913,103,1,1
BRDA:913,103,2,1
BRDA:914,104,0,1
BRDA:914,104,1,1
BRDA:940,105,0,0
BRDA:940,105,1,6
BRDA:953,106,0,0
BRDA:953,106,1,6
BRDA:983,107,0,126
BRDA:983,107,1,8
BRDA:1000,108,0,1
BRDA:1000,108,1,7
BRDA:1026,109,0,0
BRDA:1026,109,1,8
BRDA:1038,110,0,1
BRDA:1038,110,1,7
BRDA:1055,111,0,7
BRDA:1055,111,1,0
BRDA:1065,112,0,0
BRDA:1065,112,1,100
BRDA:1065,113,0,100
BRDA:1065,113,1,8
BRDA:1065,113,2,0
BRDA:1065,113,3,0
BRDA:1079,114,0,29
BRDA:1079,114,1,16
BRDA:1085,115,0,7
BRDA:1085,115,1,11
BRDA:1093,116,0,0
BRDA:1093,116,1,7
BRDA:1119,117,0,0
BRDA:1119,117,1,315
BRDA:1119,118,0,315
BRDA:1119,118,1,0
BRDA:1119,118,2,0
BRDA:1148,119,0,0
BRDA:1148,119,1,4
BRDA:1166,120,0,1
BRDA:1166,120,1,7
BRDA:1179,121,0,11
BRDA:1179,121,1,6
BRDA:1180,122,0,0
BRDA:1180,122,1,11
BRDA:1180,123,0,11
BRDA:1180,123,1,11
BRDA:1190,124,0,0
BRDA:1190,124,1,8
BRDA:1225,125,0,1
BRDA:1225,125,1,1
BRDA:1310,126,0,7
BRDA:1310,126,1,0
BRDA:1314,127,0,0
BRDA:1314,127,1,7
BRDA:1327,128,0,0
BRDA:1327,128,1,1
BRDA:1334,129,0,1
BRDA:1334,129,1,0
BRDA:1337,130,0,0
BRDA:1337,130,1,0
BRDA:1345,131,0,0
BRDA:1345,131,1,1
BRDA:1345,132,0,1
BRDA:1345,132,1,1
BRDA:1351,133,0,0
BRDA:1351,133,1,0
BRDA:1357,134,0,0
BRDA:1357,134,1,1
BRDA:1372,135,0,0
BRDA:1372,135,1,0
BRDA:1376,136,0,0
BRDA:1376,136,1,0
BRDA:1390,137,0,40
BRDA:1390,137,1,24
BRDA:1394,138,0,0
BRDA:1394,138,1,0
BRDA:1400,139,0,7
BRDA:1400,139,1,0
BRDA:1409,140,0,0
BRDA:1409,140,1,0
BRDA:1419,141,0,0
BRDA:1419,141,1,8
BRDA:1429,142,0,0
BRDA:1429,142,1,8
BRDA:1436,143,0,0
BRDA:1436,143,1,0
BRDA:1472,144,0,0
BRDA:1472,144,1,0
BRDA:1484,145,0,8
BRDA:1484,145,1,0
BRDA:1498,146,0,8
BRDA:1498,146,1,0
BRDA:1508,147,0,0
BRDA:1508,147,1,1
BRDA:1513,148,0,0
BRDA:1513,148,1,1
BRDA:1516,149,0,1
BRDA:1516,149,1,0
BRDA:1536,150,0,0
BRDA:1536,150,1,1
BRDA:1543,151,0,1
BRDA:1543,151,1,0
BRF:317
BRH:187
end_of_record
